[    0.000000] Linux version 4.15.0-206-generic (buildd@lcy02-amd64-070) (gcc version 7.5.0 (Ubuntu 7.5.0-3ubuntu1~18.04)) #217-Ubuntu SMP Fri Feb 3 19:10:13 UTC 2023 (Ubuntu 4.15.0-206.217-generic 4.15.18)
[    0.000000] Command line: BOOT_IMAGE=/boot/vmlinuz-4.15.0-206-generic root=LABEL=cloudimg-rootfs ro console=tty1 console=ttyS0
[    0.000000] KERNEL supported cpus:
[    0.000000]   Intel GenuineIntel
[    0.000000]   AMD AuthenticAMD
[    0.000000]   Centaur CentaurHauls
[    0.000000] x86/fpu: Supporting XSAVE feature 0x001: 'x87 floating point registers'
[    0.000000] x86/fpu: Supporting XSAVE feature 0x002: 'SSE registers'
[    0.000000] x86/fpu: Supporting XSAVE feature 0x004: 'AVX registers'
[    0.000000] x86/fpu: xstate_offset[2]:  576, xstate_sizes[2]:  256
[    0.000000] x86/fpu: Enabled xstate features 0x7, context size is 832 bytes, using 'standard' format.
[    0.000000] e820: BIOS-provided physical RAM map:
[    0.000000] BIOS-e820: [mem 0x0000000000000000-0x000000000009fbff] usable
[    0.000000] BIOS-e820: [mem 0x000000000009fc00-0x000000000009ffff] reserved
[    0.000000] BIOS-e820: [mem 0x00000000000f0000-0x00000000000fffff] reserved
[    0.000000] BIOS-e820: [mem 0x0000000000100000-0x000000003ffeffff] usable
[    0.000000] BIOS-e820: [mem 0x000000003fff0000-0x000000003fffffff] ACPI data
[    0.000000] BIOS-e820: [mem 0x00000000fec00000-0x00000000fec00fff] reserved
[    0.000000] BIOS-e820: [mem 0x00000000fee00000-0x00000000fee00fff] reserved
[    0.000000] BIOS-e820: [mem 0x00000000fffc0000-0x00000000ffffffff] reserved
[    0.000000] NX (Execute Disable) protection: active
[    0.000000] SMBIOS 2.5 present.
[    0.000000] DMI: innotek GmbH VirtualBox/VirtualBox, BIOS VirtualBox 12/01/2006
[    0.000000] Hypervisor detected: KVM
[    0.000000] e820: last_pfn = 0x3fff0 max_arch_pfn = 0x400000000
[    0.000000] MTRR: Disabled
[    0.000000] x86/PAT: MTRRs disabled, skipping PAT initialization too.
[    0.000000] CPU MTRRs all blank - virtualized system.
[    0.000000] x86/PAT: Configuration [0-7]: WB  WT  UC- UC  WB  WT  UC- UC  
[    0.000000] found SMP MP-table at [mem 0x0009fff0-0x0009ffff]
[    0.000000] Scanning 1 areas for low memory corruption
[    0.000000] RAMDISK: [mem 0x359c9000-0x36cdbfff]
[    0.000000] ACPI: Early table checksum verification disabled
[    0.000000] ACPI: RSDP 0x00000000000E0000 000024 (v02 VBOX  )
[    0.000000] ACPI: XSDT 0x000000003FFF0030 00003C (v01 VBOX   VBOXXSDT 00000001 ASL  00000061)
[    0.000000] ACPI: FACP 0x000000003FFF00F0 0000F4 (v04 VBOX   VBOXFACP 00000001 ASL  00000061)
[    0.000000] ACPI: DSDT 0x000000003FFF0610 002353 (v02 VBOX   VBOXBIOS 00000002 INTL 20100528)
[    0.000000] ACPI: FACS 0x000000003FFF0200 000040
[    0.000000] ACPI: FACS 0x000000003FFF0200 000040
[    0.000000] ACPI: APIC 0x000000003FFF0240 000054 (v02 VBOX   VBOXAPIC 00000001 ASL  00000061)
[    0.000000] ACPI: SSDT 0x000000003FFF02A0 00036C (v01 VBOX   VBOXCPUT 00000002 INTL 20100528)
[    0.000000] ACPI: Reserving FACP table memory at [mem 0x3fff00f0-0x3fff01e3]
[    0.000000] ACPI: Reserving DSDT table memory at [mem 0x3fff0610-0x3fff2962]
[    0.000000] ACPI: Reserving FACS table memory at [mem 0x3fff0200-0x3fff023f]
[    0.000000] ACPI: Reserving FACS table memory at [mem 0x3fff0200-0x3fff023f]
[    0.000000] ACPI: Reserving APIC table memory at [mem 0x3fff0240-0x3fff0293]
[    0.000000] ACPI: Reserving SSDT table memory at [mem 0x3fff02a0-0x3fff060b]
[    0.000000] No NUMA configuration found
[    0.000000] Faking a node at [mem 0x0000000000000000-0x000000003ffeffff]
[    0.000000] NODE_DATA(0) allocated [mem 0x3ffc5000-0x3ffeffff]
[    0.000000] kvm-clock: cpu 0, msr 0:3ff44001, primary cpu clock
[    0.000000] kvm-clock: Using msrs 4b564d01 and 4b564d00
[    0.000000] kvm-clock: using sched offset of 4939096118 cycles
[    0.000000] clocksource: kvm-clock: mask: 0xffffffffffffffff max_cycles: 0x1cd42e4dffb, max_idle_ns: 881590591483 ns
[    0.000000] Zone ranges:
[    0.000000]   DMA      [mem 0x0000000000001000-0x0000000000ffffff]
[    0.000000]   DMA32    [mem 0x0000000001000000-0x000000003ffeffff]
[    0.000000]   Normal   empty
[    0.000000]   Device   empty
[    0.000000] Movable zone start for each node
[    0.000000] Early memory node ranges
[    0.000000]   node   0: [mem 0x0000000000001000-0x000000000009efff]
[    0.000000]   node   0: [mem 0x0000000000100000-0x000000003ffeffff]
[    0.000000] Reserved but unavailable: 104 pages
[    0.000000] Initmem setup node 0 [mem 0x0000000000001000-0x000000003ffeffff]
[    0.000000] ACPI: PM-Timer IO Port: 0x4008
[    0.000000] IOAPIC[0]: apic_id 1, version 32, address 0xfec00000, GSI 0-23
[    0.000000] ACPI: INT_SRC_OVR (bus 0 bus_irq 0 global_irq 2 dfl dfl)
[    0.000000] ACPI: INT_SRC_OVR (bus 0 bus_irq 9 global_irq 9 low level)
[    0.000000] Using ACPI (MADT) for SMP configuration information
[    0.000000] smpboot: Allowing 1 CPUs, 0 hotplug CPUs
[    0.000000] PM: Registered nosave memory: [mem 0x00000000-0x00000fff]
[    0.000000] PM: Registered nosave memory: [mem 0x0009f000-0x0009ffff]
[    0.000000] PM: Registered nosave memory: [mem 0x000a0000-0x000effff]
[    0.000000] PM: Registered nosave memory: [mem 0x000f0000-0x000fffff]
[    0.000000] e820: [mem 0x40000000-0xfebfffff] available for PCI devices
[    0.000000] Booting paravirtualized kernel on KVM
[    0.000000] clocksource: refined-jiffies: mask: 0xffffffff max_cycles: 0xffffffff, max_idle_ns: 7645519600211568 ns
[    0.000000] setup_percpu: NR_CPUS:8192 nr_cpumask_bits:1 nr_cpu_ids:1 nr_node_ids:1
[    0.000000] percpu: Embedded 50 pages/cpu s167936 r8192 d28672 u2097152
[    0.000000] PV qspinlock hash table entries: 256 (order: 0, 4096 bytes)
[    0.000000] Built 1 zonelists, mobility grouping on.  Total pages: 257913
[    0.000000] Policy zone: DMA32
[    0.000000] Kernel command line: BOOT_IMAGE=/boot/vmlinuz-4.15.0-206-generic root=LABEL=cloudimg-rootfs ro console=tty1 console=ttyS0
[    0.000000] Memory: 982840K/1048120K available (12300K kernel code, 2477K rwdata, 4324K rodata, 2480K init, 2720K bss, 65280K reserved, 0K cma-reserved)
[    0.000000] SLUB: HWalign=64, Order=0-3, MinObjects=0, CPUs=1, Nodes=1
[    0.000000] ftrace: allocating 39485 entries in 155 pages
[    0.004000] Hierarchical RCU implementation.
[    0.004000] 	RCU restricting CPUs from NR_CPUS=8192 to nr_cpu_ids=1.
[    0.004000] 	Tasks RCU enabled.
[    0.004000] RCU: Adjusting geometry for rcu_fanout_leaf=16, nr_cpu_ids=1
[    0.004000] NR_IRQS: 524544, nr_irqs: 256, preallocated irqs: 16
[    0.004000] random: crng init done
[    0.004000] Console: colour VGA+ 80x25
[    0.004000] console [tty1] enabled
[    0.004000] console [ttyS0] enabled
[    0.004000] ACPI: Core revision 20170831
[    0.004000] ACPI: 2 ACPI AML tables successfully acquired and loaded
[    0.004000] APIC: Switch to symmetric I/O mode setup
[    0.004000] x2apic enabled
[    0.004000] Switched APIC routing to physical x2apic.
[    0.006982] ..TIMER: vector=0x30 apic1=0 pin1=2 apic2=-1 pin2=-1
[    0.008009] tsc: Detected 1382.401 MHz processor
[    0.012026] Calibrating delay loop (skipped) preset value.. 2764.80 BogoMIPS (lpj=5529604)
[    0.016005] pid_max: default: 32768 minimum: 301
[    0.017928] Security Framework initialized
[    0.020005] Yama: becoming mindful.
[    0.021517] AppArmor: AppArmor initialized
[    0.028073] Dentry cache hash table entries: 131072 (order: 8, 1048576 bytes)
[    0.032124] Inode-cache hash table entries: 65536 (order: 7, 524288 bytes)
[    0.036028] Mount-cache hash table entries: 2048 (order: 2, 16384 bytes)
[    0.040010] Mountpoint-cache hash table entries: 2048 (order: 2, 16384 bytes)
[    0.044391] process: using mwait in idle threads
[    0.046259] Last level iTLB entries: 4KB 0, 2MB 0, 4MB 0
[    0.048000] Last level dTLB entries: 4KB 0, 2MB 0, 4MB 0, 1GB 0
[    0.048010] Spectre V1 : Mitigation: usercopy/swapgs barriers and __user pointer sanitization
[    0.052006] Spectre V2 : Mitigation: Retpolines
[    0.053845] Spectre V2 : Spectre v2 / SpectreRSB mitigation: Filling RSB on context switch
[    0.056004] Spectre V2 : Spectre v2 / SpectreRSB : Filling RSB on VMEXIT
[    0.060004] Speculative Store Bypass: Vulnerable
[    0.105079] Freeing SMP alternatives memory: 36K
[    0.222246] smpboot: CPU0: 11th Gen Intel(R) Core(TM) i5-1135G7 @ 2.40GHz (family: 0x6, model: 0x8c, stepping: 0x1)
[    0.224180] Performance Events: unsupported p6 CPU model 140 no PMU driver, software events only.
[    0.228143] Hierarchical SRCU implementation.
[    0.233716] NMI watchdog: Perf event create on CPU 0 failed with -2
[    0.236006] NMI watchdog: Perf NMI watchdog permanently disabled
[    0.240090] smp: Bringing up secondary CPUs ...
[    0.241936] smp: Brought up 1 node, 1 CPU
[    0.244005] smpboot: Max logical packages: 1
[    0.245794] smpboot: Total of 1 processors activated (2764.80 BogoMIPS)
[    0.248288] devtmpfs: initialized
[    0.249823] x86/mm: Memory block size: 128MB
[    0.252341] evm: security.selinux
[    0.253768] evm: security.SMACK64
[    0.255205] evm: security.SMACK64EXEC
[    0.256008] evm: security.SMACK64TRANSMUTE
[    0.257990] evm: security.SMACK64MMAP
[    0.260009] evm: security.apparmor
[    0.261209] evm: security.ima
[    0.262177] evm: security.capability
[    0.263564] clocksource: jiffies: mask: 0xffffffff max_cycles: 0xffffffff, max_idle_ns: 7645041785100000 ns
[    0.264021] futex hash table entries: 256 (order: 2, 16384 bytes)
[    0.268102] pinctrl core: initialized pinctrl subsystem
[    0.270121] RTC time: 10:08:44, date: 03/15/23
[    0.272227] NET: Registered protocol family 16
[    0.273743] audit: initializing netlink subsys (disabled)
[    0.276047] cpuidle: using governor ladder
[    0.277370] cpuidle: using governor menu
[    0.278612] ACPI: bus type PCI registered
[    0.280008] acpiphp: ACPI Hot Plug PCI Controller Driver version: 0.5
[    0.284018] audit: type=2000 audit(1678874930.547:1): state=initialized audit_enabled=0 res=1
[    0.288224] PCI: Using configuration type 1 for base access
[    0.296176] HugeTLB registered 2.00 MiB page size, pre-allocated 0 pages
[    0.304295] ACPI: Added _OSI(Module Device)
[    0.308006] ACPI: Added _OSI(Processor Device)
[    0.312007] ACPI: Added _OSI(3.0 _SCP Extensions)
[    0.316006] ACPI: Added _OSI(Processor Aggregator Device)
[    0.320015] ACPI: Added _OSI(Linux-Dell-Video)
[    0.322233] ACPI: Added _OSI(Linux-Lenovo-NV-HDMI-Audio)
[    0.324007] ACPI: Added _OSI(Linux-HPI-Hybrid-Graphics)
[    0.328723] ACPI: Executed 1 blocks of module-level executable AML code
[    0.340588] ACPI: Interpreter enabled
[    0.343029] ACPI: (supports S0 S5)
[    0.344008] ACPI: Using IOAPIC for interrupt routing
[    0.346632] PCI: Using host bridge windows from ACPI; if necessary, use "pci=nocrs" and report a bug
[    0.348397] ACPI: Enabled 2 GPEs in block 00 to 07
[    0.368525] ACPI: PCI Root Bridge [PCI0] (domain 0000 [bus 00-ff])
[    0.371434] acpi PNP0A03:00: _OSC: OS supports [ASPM ClockPM Segments MSI]
[    0.376254] acpi PNP0A03:00: _OSC: not requesting OS control; OS requires [ExtendedConfig ASPM ClockPM MSI]
[    0.379705] acpi PNP0A03:00: fail to add MMCONFIG information, can't access extended PCI configuration space under this bridge.
[    0.380660] PCI host bridge to bus 0000:00
[    0.381987] pci_bus 0000:00: root bus resource [io  0x0000-0x0cf7 window]
[    0.384004] pci_bus 0000:00: root bus resource [io  0x0d00-0xffff window]
[    0.385434] pci_bus 0000:00: root bus resource [mem 0x000a0000-0x000bffff window]
[    0.387390] pci_bus 0000:00: root bus resource [mem 0x40000000-0xfdffffff window]
[    0.388011] pci_bus 0000:00: root bus resource [bus 00-ff]
[    0.397055] pci 0000:00:01.1: legacy IDE quirk: reg 0x10: [io  0x01f0-0x01f7]
[    0.399177] pci 0000:00:01.1: legacy IDE quirk: reg 0x14: [io  0x03f6]
[    0.400010] pci 0000:00:01.1: legacy IDE quirk: reg 0x18: [io  0x0170-0x0177]
[    0.402038] pci 0000:00:01.1: legacy IDE quirk: reg 0x1c: [io  0x0376]
[    0.433406] pci 0000:00:07.0: quirk: [io  0x4000-0x403f] claimed by PIIX4 ACPI
[    0.436011] pci 0000:00:07.0: quirk: [io  0x4100-0x410f] claimed by PIIX4 SMB
[    0.456521] ACPI: PCI Interrupt Link [LNKA] (IRQs 5 9 10 *11)
[    0.458863] ACPI: PCI Interrupt Link [LNKB] (IRQs 5 9 *10 11)
[    0.460277] ACPI: PCI Interrupt Link [LNKC] (IRQs 5 *9 10 11)
[    0.462405] ACPI: PCI Interrupt Link [LNKD] (IRQs 5 9 10 *11)
[    0.464882] SCSI subsystem initialized
[    0.466439] pci 0000:00:02.0: vgaarb: setting as boot VGA device
[    0.468000] pci 0000:00:02.0: vgaarb: VGA device added: decodes=io+mem,owns=io+mem,locks=none
[    0.468012] pci 0000:00:02.0: vgaarb: bridge control possible
[    0.469652] vgaarb: loaded
[    0.470567] ACPI: bus type USB registered
[    0.471719] usbcore: registered new interface driver usbfs
[    0.472035] usbcore: registered new interface driver hub
[    0.473781] usbcore: registered new device driver usb
[    0.476129] EDAC MC: Ver: 3.0.0
[    0.477999] PCI: Using ACPI for IRQ routing
[    0.480671] NetLabel: Initializing
[    0.481908] NetLabel:  domain hash size = 128
[    0.483245] NetLabel:  protocols = UNLABELED CIPSOv4 CALIPSO
[    0.484075] NetLabel:  unlabeled traffic allowed by default
[    0.485981] clocksource: Switched to clocksource kvm-clock
[    0.534380] VFS: Disk quotas dquot_6.6.0
[    0.535895] VFS: Dquot-cache hash table entries: 512 (order 0, 4096 bytes)
[    0.538156] AppArmor: AppArmor Filesystem Enabled
[    0.539600] pnp: PnP ACPI init
[    0.543155] pnp: PnP ACPI: found 3 devices
[    0.551509] clocksource: acpi_pm: mask: 0xffffff max_cycles: 0xffffff, max_idle_ns: 2085701024 ns
[    0.555031] NET: Registered protocol family 2
[    0.556412] IP idents hash table entries: 16384 (order: 5, 131072 bytes)
[    0.558863] TCP established hash table entries: 8192 (order: 4, 65536 bytes)
[    0.560941] TCP bind hash table entries: 8192 (order: 5, 131072 bytes)
[    0.563143] TCP: Hash tables configured (established 8192 bind 8192)
[    0.575172] UDP hash table entries: 512 (order: 2, 16384 bytes)
[    0.577183] UDP-Lite hash table entries: 512 (order: 2, 16384 bytes)
[    0.579202] NET: Registered protocol family 1
[    0.580909] pci 0000:00:00.0: Limiting direct PCI/PCI transfers
[    0.582527] pci 0000:00:01.0: Activating ISA DMA hang workarounds
[    0.584434] pci 0000:00:02.0: Video device with shadowed ROM at [mem 0x000c0000-0x000dffff]
[    0.587521] Unpacking initramfs...
[    1.581514] Freeing initrd memory: 19532K
[    1.583010] clocksource: tsc: mask: 0xffffffffffffffff max_cycles: 0x13ed2f2d502, max_idle_ns: 440795252126 ns
[    1.585903] platform rtc_cmos: registered platform RTC device (no PNP device found)
[    1.588108] Scanning for low memory corruption every 60 seconds
[    1.591048] Initialise system trusted keyrings
[    1.592709] Key type blacklist registered
[    1.594011] workingset: timestamp_bits=36 max_order=18 bucket_order=0
[    1.598269] zbud: loaded
[    1.600427] squashfs: version 4.0 (2009/01/31) Phillip Lougher
[    1.602546] fuse init (API version 7.26)
[    1.605541] Key type asymmetric registered
[    1.607043] Asymmetric key parser 'x509' registered
[    1.608237] Block layer SCSI generic (bsg) driver version 0.4 loaded (major 246)
[    1.610797] io scheduler noop registered
[    1.612187] io scheduler deadline registered
[    1.613616] io scheduler cfq registered (default)
[    1.615577] ACPI: AC Adapter [AC] (off-line)
[    1.617177] input: Power Button as /devices/LNXSYSTM:00/LNXPWRBN:00/input/input0
[    1.619386] ACPI: Power Button [PWRF]
[    1.620834] input: Sleep Button as /devices/LNXSYSTM:00/LNXSLPBN:00/input/input1
[    1.622632] ACPI: Sleep Button [SLPF]
[    1.625212] ACPI: Battery Slot [BAT0] (battery present)
[    1.627130] Serial: 8250/16550 driver, 32 ports, IRQ sharing enabled
[    1.651537] 00:02: ttyS0 at I/O 0x3f8 (irq = 4, base_baud = 115200) is a 16550A
[    1.656937] Linux agpgart interface v0.103
[    1.660250] loop: module loaded
[    1.662388] scsi host0: ata_piix
[    1.663623] scsi host1: ata_piix
[    1.664789] ata1: PATA max UDMA/33 cmd 0x1f0 ctl 0x3f6 bmdma 0xd000 irq 14
[    1.666569] ata2: PATA max UDMA/33 cmd 0x170 ctl 0x376 bmdma 0xd008 irq 15
[    1.669425] tun: Universal TUN/TAP device driver, 1.6
[    1.671382] PPP generic driver version 2.4.2
[    1.672990] ehci_hcd: USB 2.0 'Enhanced' Host Controller (EHCI) Driver
[    1.674814] ehci-pci: EHCI PCI platform driver
[    1.676067] ehci-platform: EHCI generic platform driver
[    1.678434] ohci_hcd: USB 1.1 'Open' Host Controller (OHCI) Driver
[    1.680904] ohci-pci: OHCI PCI platform driver
[    1.682712] ohci-platform: OHCI generic platform driver
[    1.685208] uhci_hcd: USB Universal Host Controller Interface driver
[    1.687852] i8042: PNP: PS/2 Controller [PNP0303:PS2K,PNP0f03:PS2M] at 0x60,0x64 irq 1,12
[    1.692138] serio: i8042 KBD port at 0x60,0x64 irq 1
[    1.694265] serio: i8042 AUX port at 0x60,0x64 irq 12
[    1.696489] mousedev: PS/2 mouse device common for all mice
[    1.699261] input: AT Translated Set 2 keyboard as /devices/platform/i8042/serio0/input/input2
[    1.703285] rtc_cmos rtc_cmos: rtc core: registered rtc_cmos as rtc0
[    1.706188] rtc_cmos rtc_cmos: alarms up to one day, 114 bytes nvram
[    1.708764] i2c /dev entries driver
[    1.710361] device-mapper: uevent: version 1.0.3
[    1.712368] device-mapper: ioctl: 4.37.0-ioctl (2017-09-20) initialised: dm-devel@redhat.com
[    1.715893] ledtrig-cpu: registered to indicate activity on CPUs
[    1.718886] NET: Registered protocol family 10
[    1.727484] Segment Routing with IPv6
[    1.729665] NET: Registered protocol family 17
[    1.731547] Key type dns_resolver registered
[    1.733644] mce: Using 0 MCE banks
[    1.735240] RAS: Correctable Errors collector initialized.
[    1.737628] sched_clock: Marking stable (1737579033, 0)->(2140144369, -402565336)
[    1.740990] registered taskstats version 1
[    1.742739] Loading compiled-in X.509 certificates
[    1.749412] Loaded X.509 cert 'Build time autogenerated kernel key: 4d405f87ce750406625b929cd2e51cc76ab5bcf4'
[    1.755072] Loaded X.509 cert 'Canonical Ltd. Live Patch Signing: 14df34d1a87cf37625abec039ef2bf521249b969'
[    1.760715] Loaded X.509 cert 'Canonical Ltd. Kernel Module Signing: 88f752e560a1e0737e31163a466ad7b70a850c19'
[    1.764657] blacklist: Loading compiled-in revocation X.509 certificates
[    1.767360] Loaded X.509 cert 'Canonical Ltd. Secure Boot Signing: 61482aa2830d0ab2ad5af10b7250da9033ddcef0'
[    1.771344] Loaded X.509 cert 'Canonical Ltd. Secure Boot Signing (2017): 242ade75ac4a15e50d50c84b0d45ff3eae707a03'
[    1.775557] Loaded X.509 cert 'Canonical Ltd. Secure Boot Signing (ESM 2018): 365188c1d374d6b07c3c8f240f8ef722433d6a8b'
[    1.779825] Loaded X.509 cert 'Canonical Ltd. Secure Boot Signing (2019): c0746fd6c5da3ae827864651ad66ae47fe24b3e8'
[    1.783954] Loaded X.509 cert 'Canonical Ltd. Secure Boot Signing (2021 v1): a8d54bbb3825cfb94fa13c9f8a594a195c107b8d'
[    1.788193] Loaded X.509 cert 'Canonical Ltd. Secure Boot Signing (2021 v2): 4cf046892d6fd3c9a5b03f98d845f90851dc6a8c'
[    1.792380] Loaded X.509 cert 'Canonical Ltd. Secure Boot Signing (2021 v3): 100437bb6de6e469b581e61cd66bce3ef4ed53af'
[    1.796596] Loaded X.509 cert 'Canonical Ltd. Secure Boot Signing (Ubuntu Core 2019): c1d57b8f6b743f23ee41f4f7ee292f06eecadfb9'
[    1.800967] zswap: loaded using pool lzo/zbud
[    1.808587] Key type big_key registered
[    1.810271] Key type trusted registered
[    1.814776] Key type encrypted registered
[    1.816595] AppArmor: AppArmor sha1 policy hashing enabled
[    1.818782] ima: No TPM chip found, activating TPM-bypass! (rc=-19)
[    1.821570] ima: Allocated hash algorithm: sha1
[    1.823826] evm: HMAC attrs: 0x1
[    1.826009]   Magic number: 15:232:123
[    1.827337] acpi LNXSYBUS:01: hash matches
[    1.857090] rtc_cmos rtc_cmos: setting system clock to 2023-03-15 10:08:46 UTC (1678874926)
[    1.862942] BIOS EDD facility v0.16 2004-Jun-25, 0 devices found
[    1.866338] EDD information not available.
[    1.873724] Freeing unused kernel image memory: 2480K
[    1.880407] Write protecting the kernel read-only data: 20480k
[    1.885084] Freeing unused kernel image memory: 2008K
[    1.887697] Freeing unused kernel image memory: 1820K
[    1.904085] x86/mm: Checked W+X mappings: passed, no W+X pages found.
Loading, please wait...
starting version 237
[    2.135162] Fusion MPT base driver 3.04.20
[    2.137360] Copyright (c) 1999-2008 LSI Corporation
[    2.228677] e1000: Intel(R) PRO/1000 Network Driver - version 7.3.21-k8-NAPI
[    2.231035] e1000: Copyright (c) 1999-2006 Intel Corporation.
[    2.240710] Fusion MPT SPI Host driver 3.04.20
[    2.262811] AVX2 version of gcm_enc/dec engaged.
[    2.264229] AES CTR mode by8 optimization enabled
[    2.272264] mptbase: ioc0: Initiating bringup
[    2.369124] input: ImExPS/2 Generic Explorer Mouse as /devices/platform/i8042/serio1/input/input4
[    2.380565] ioc0: LSI53C1030 A0: Capabilities={Initiator}
[    2.622741] scsi host2: ioc0: LSI53C1030 A0, FwRev=00000000h, Ports=1, MaxQ=256, IRQ=20
[    2.797062] scsi 2:0:0:0: Direct-Access     VBOX     HARDDISK         1.0  PQ: 0 ANSI: 5
[    2.804452] scsi target2:0:0: Beginning Domain Validation
[    2.809467] scsi target2:0:0: Domain Validation skipping write tests
[    2.812576] scsi target2:0:0: Ending Domain Validation
[    2.814749] scsi target2:0:0: asynchronous
[    2.817298] scsi 2:0:1:0: Direct-Access     VBOX     HARDDISK         1.0  PQ: 0 ANSI: 5
[    2.821676] scsi target2:0:1: Beginning Domain Validation
[    2.824329] scsi target2:0:1: Domain Validation skipping write tests
[    2.826081] scsi target2:0:1: Ending Domain Validation
[    2.827762] scsi target2:0:1: asynchronous
[    2.835853] sd 2:0:0:0: [sda] 83886080 512-byte logical blocks: (42.9 GB/40.0 GiB)
[    2.838166] sd 2:0:0:0: [sda] Write Protect is off
[    2.839854] sd 2:0:0:0: Attached scsi generic sg0 type 0
[    2.849092] sd 2:0:0:0: [sda] Incomplete mode parameter data
[    2.850782] sd 2:0:0:0: [sda] Assuming drive cache: write through
[    2.852951] sd 2:0:1:0: [sdb] 20480 512-byte logical blocks: (10.5 MB/10.0 MiB)
[    2.855166] sd 2:0:1:0: Attached scsi generic sg1 type 0
[    2.858729] sd 2:0:1:0: [sdb] Write Protect is off
[    2.863110] sd 2:0:1:0: [sdb] Incomplete mode parameter data
[    2.867000] sd 2:0:1:0: [sdb] Assuming drive cache: write through
[    2.889340]  sda: sda1
[    2.893597] sd 2:0:0:0: [sda] Attached SCSI disk
[    2.927078] sd 2:0:1:0: [sdb] Attached SCSI disk
[    3.361454] e1000 0000:00:03.0 eth0: (PCI:33MHz:32-bit) 02:df:c2:d4:51:e3
[    3.363308] e1000 0000:00:03.0 eth0: Intel(R) PRO/1000 Network Connection
[    3.851046] e1000 0000:00:08.0 eth1: (PCI:33MHz:32-bit) 08:00:27:04:68:88
[    3.854264] e1000 0000:00:08.0 eth1: Intel(R) PRO/1000 Network Connection
[    3.859478] e1000 0000:00:08.0 enp0s8: renamed from eth1
[    3.867528] e1000 0000:00:03.0 enp0s3: renamed from eth0
Begin: Loading essential drivers ... [    5.852055] raid6: sse2x1   gen()  4062 MB/s
[    5.900061] raid6: sse2x1   xor()  2560 MB/s
[    5.948130] raid6: sse2x2   gen()  4492 MB/s
[    5.996091] raid6: sse2x2   xor()  3447 MB/s
[    6.044044] raid6: sse2x4   gen()  5574 MB/s
[    6.092112] raid6: sse2x4   xor()  3291 MB/s
[    6.140920] raid6: avx2x1   gen()  8048 MB/s
[    6.188056] raid6: avx2x1   xor()  4850 MB/s
[    6.236013] raid6: avx2x2   gen() 10035 MB/s
[    6.284081] raid6: avx2x2   xor()  6547 MB/s
[    6.332025] raid6: avx2x4   gen()  9600 MB/s
[    6.380052] raid6: avx2x4   xor()  5948 MB/s
[    6.382378] raid6: using algorithm avx2x2 gen() 10035 MB/s
[    6.384919] raid6: .... xor() 6547 MB/s, rmw enabled
[    6.387500] raid6: using avx2x2 recovery algorithm
[    6.394619] xor: automatically using best checksumming function   avx       
[    6.402096] async_tx: api initialized (async)
done.
Begin: Running /scripts/init-premount ... done.
Begin: Mounting root file system ... Begin: Running /scripts/local-top ... done.
Begin: Running /scripts/local-premount ... [    6.536072] Btrfs loaded, crc32c=crc32c-intel
Scanning for Btrfs filesystems
done.
Warning: fsck not present, so skipping root file system
[    6.595530] EXT4-fs (sda1): mounted filesystem with ordered data mode. Opts: (null)
done.
Begin: Running /scripts/local-bottom ... done.
Begin: Running /scripts/init-bottom ... done.
[    6.882254] ip_tables: (C) 2000-2006 Netfilter Core Team
[    6.896481] systemd[1]: systemd 237 running in system mode. (+PAM +AUDIT +SELINUX +IMA +APPARMOR +SMACK +SYSVINIT +UTMP +LIBCRYPTSETUP +GCRYPT +GNUTLS +ACL +XZ +LZ4 +SECCOMP +BLKID +ELFUTILS +KMOD -IDN2 +IDN -PCRE2 default-hierarchy=hybrid)
[    6.901780] systemd[1]: Detected virtualization oracle.
[    6.903342] systemd[1]: Detected architecture x86-64.

Welcome to [1mUbuntu 18.04.6 LTS[0m!

[    6.911095] systemd[1]: Set hostname to <ubuntu>.
[    6.916389] systemd[1]: Initializing machine ID from random generator.
[    6.918348] systemd[1]: Installed transient /etc/machine-id file.
[    7.366180] systemd[1]: Reached target Swap.
[[0;32m  OK  [0m] Reached target Swap.
[    7.381702] systemd[1]: Created slice System Slice.
[[0;32m  OK  [0m] Created slice System Slice.
[    7.386441] systemd[1]: Listening on Journal Audit Socket.
[[0;32m  OK  [0m] Listening on Journal Audit Socket.
[    7.389316] systemd[1]: Reached target User and Group Name Lookups.
[[0;32m  OK  [0m] Reached target User and Group Name Lookups.
[[0;32m  OK  [0m] Listening on Journal Socket.
         Starting Create list of required st…ce nodes for the current kernel...
[[0;32m  OK  [0m] Set up automount Arbitrary Executab…rmats File System Automount Point.
[[0;32m  OK  [0m] Listening on Journal Socket (/dev/log).
         Mounting Huge Pages File System...
         Mounting POSIX Message Queue File System...
[[0;32m  OK  [0m] Started Forward Password Requests to Wall Directory Watch.
[[0;32m  OK  [0m] Reached target System Time Synchronized.
[[0;32m  OK  [0m] Listening on Network Service Netlink Socket.
[[0;32m  OK  [0m] Listening on udev Control Socket.
[[0;32m  OK  [0m] Created slice system-serial\x2dgetty.slice.
[[0;32m  OK  [0m] Listening on udev Kernel Socket.
         Starting udev Coldplug all Devices...
[[0;32m  OK  [0m] Listening on LVM2 poll daemon socket.
[[0;32m  OK  [0m] Reached target Mounting snaps.
[[0;32m  OK  [0m] Reached target Mounted snaps.
         Starting Set the console keyboard layout...
         Mounting Kernel Debug File System...
[[0;32m  OK  [0m] Listening on fsck to fsckd communication Socket.
         Starting File System Check on Root Device...
         Starting Uncomplicated firewall...
[[0;32m  OK  [0m] Listening on LVM2 metadata daemon socket.
[[0;32m  OK  [0m] Listening on /dev/initctl Compatibility Named Pipe.
[[0;32m  OK  [0m] Listening on Device-mapper event daemon FIFOs.
         Starting Monitoring of LVM2 mirrors…ng dmeventd or progress polling...
         Starting Load Kernel Modules...
[[0;32m  OK  [0m] Created slice User and Session Slice.
[[0;32m  OK  [0m] Reached target Slices.
[[0;32m  OK  [0m] Listening on Syslog Socket.
         Starting Journal Service...
[[0;32m  OK  [0m] Started Create list of required sta…vice nodes for the current kernel.
[[0;32m  OK  [0m] Mounted Huge Pages File System.
[[0;32m  OK  [0m] Mounted POSIX Message Queue File System.
[[0;32m  OK  [0m] Mounted Kernel Debug File System.
[[0;32m  OK  [0m] Started Uncomplicated firewall.
[[0;32m  OK  [0m] Started File System Check Daemon to report status.
         Starting Create Static Device Nodes in /dev...
[[0;32m  OK  [0m] Started File System Check on Root Device.
         Starting Remount Root and Kernel File Systems...
[[0;32m  OK  [0m] Started LVM2 metadata daemon.
[[0;32m  OK  [0m] Started Create Static Device Nodes in /dev.
[    7.723356] Loading iSCSI transport class v2.0-870.
[[0;32m  OK  [0m] Started udev Coldplug all Devices.
[    7.757088] EXT4-fs (sda1): re-mounted. Opts: (null)
[[0;32m  OK  [0m] Started Remount Root and Kernel File Systems.
         Starting Load/Save Random Seed...
         Starting udev Kernel Device Manager...
[[0;32m  OK  [0m] Started udev Kernel Device Manager.
[    7.871878] iscsi: registered transport (tcp)
[[0;32m  OK  [0m] Started Monitoring of LVM2 mirrors,…sing dmeventd or progress polling.
[[0;32m  OK  [0m] Started Load/Save Random Seed.
[[0;32m  OK  [0m] Started Journal Service.
         Starting Flush Journal to Persistent Storage...
[    7.944716] systemd-journald[411]: Received request to flush runtime journal from PID 1
[[0;32m  OK  [0m] Started Flush Journal to Persistent Storage.
[    8.079476] iscsi: registered transport (iser)
[[0;32m  OK  [0m] Started Load Kernel Modules.
         Mounting FUSE Control File System...
         Starting Apply Kernel Variables...
         Mounting Kernel Configuration File System...
[[0;32m  OK  [0m] Mounted FUSE Control File System.
[[0;32m  OK  [0m] Mounted Kernel Configuration File System.
[[0;32m  OK  [0m] Started Apply Kernel Variables.
[[0;32m  OK  [0m] Found device /dev/ttyS0.
[[0;32m  OK  [0m] Listening on Load/Save RF Kill Switch Status /dev/rfkill Watch.
         Mounting Arbitrary Executable File Formats File System...
[[0;32m  OK  [0m] Mounted Arbitrary Executable File Formats File System.
[[0;32m  OK  [0m] Started Set the console keyboard layout.
[[0;32m  OK  [0m] Reached target Local File Systems (Pre).
[[0;32m  OK  [0m] Reached target Local File Systems.
         Starting ebtables ruleset management...
         Starting AppArmor initialization...
         Starting Tell Plymouth To Write Out Runtime Data...
         Starting Create Volatile Files and Directories...
         Starting Commit a transient machine-id on disk...
         Starting Set console font and keymap...
[[0;32m  OK  [0m] Started Dispatch Password Requests to Console Directory Watch.
[[0;32m  OK  [0m] Reached target Local Encrypted Volumes.
[[0;32m  OK  [0m] Started Tell Plymouth To Write Out Runtime Data.
[[0;32m  OK  [0m] Started Set console font and keymap.
[[0;32m  OK  [0m] Started Commit a transient machine-id on disk.
[[0;32m  OK  [0m] Started Create Volatile Files and Directories.
         Starting Update UTMP about System Boot/Shutdown...
[[0;32m  OK  [0m] Started Update UTMP about System Boot/Shutdown.
[[0;32m  OK  [0m] Started ebtables ruleset management.
[[0;32m  OK  [0m] Started AppArmor initialization.
         Starting Initial cloud-init job (pre-networking)...
         Starting Load AppArmor profiles managed internally by snapd...
[[0;32m  OK  [0m] Started Load AppArmor profiles managed internally by snapd.
[   16.110359] cloud-init[598]: Cloud-init v. 22.4.2-0ubuntu0~18.04.1 running 'init-local' at Wed, 15 Mar 2023 10:08:59 +0000. Up 15.33 seconds.
[[0;32m  OK  [0m] Started Initial cloud-init job (pre-networking).
[[0;32m  OK  [0m] Reached target Network (Pre).
         Starting Network Service...
[[0;32m  OK  [0m] Started Network Service.
         Starting Wait for Network to be Configured...
         Starting Network Name Resolution...
[[0;32m  OK  [0m] Started Network Name Resolution.
[[0;32m  OK  [0m] Reached target Host and Network Name Lookups.
[[0;32m  OK  [0m] Reached target Network.
[[0;32m  OK  [0m] Started Wait for Network to be Configured.
         Starting Initial cloud-init job (metadata service crawler)...
[   19.646632] cloud-init[695]: Cloud-init v. 22.4.2-0ubuntu0~18.04.1 running 'init' at Wed, 15 Mar 2023 10:09:03 +0000. Up 19.28 seconds.
[   19.649937] cloud-init[695]: ci-info: ++++++++++++++++++++++++++++++++++++++Net device info+++++++++++++++++++++++++++++++++++++++
[   19.656375] cloud-init[695]: ci-info: +--------+-------+----------------------------+---------------+--------+-------------------+
[   19.661896] cloud-init[695]: ci-info: | Device |   Up  |          Address           |      Mask     | Scope  |     Hw-Address    |
[   19.668247] cloud-init[695]: ci-info: +--------+-------+----------------------------+---------------+--------+-------------------+
[   19.688386] cloud-init[695]: ci-info: | enp0s3 |  True |         10.0.2.15          | 255.255.255.0 | global | 02:df:c2:d4:51:e3 |
[   19.700428] cloud-init[695]: ci-info: | enp0s3 |  True | fe80::df:c2ff:fed4:51e3/64 |       .       |  link  | 02:df:c2:d4:51:e3 |
[   19.703847] cloud-init[695]: ci-info: | enp0s8 | False |             .              |       .       |   .    | 08:00:27:04:68:88 |
[   19.716358] cloud-init[695]: ci-info: |   lo   |  True |         127.0.0.1          |   255.0.0.0   |  host  |         .         |
[   19.728367] cloud-init[695]: ci-info: |   lo   |  True |          ::1/128           |       .       |  host  |         .         |
[   19.740342] cloud-init[695]: ci-info: +--------+-------+----------------------------+---------------+--------+-------------------+
[   19.742217] cloud-init[695]: ci-info: ++++++++++++++++++++++++++++Route IPv4 info+++++++++++++++++++++++++++++
[   19.746181] cloud-init[695]: ci-info: +-------+-------------+----------+-----------------+-----------+-------+
[   19.752415] cloud-init[695]: ci-info: | Route | Destination | Gateway  |     Genmask     | Interface | Flags |
[   19.762473] cloud-init[695]: ci-info: +-------+-------------+----------+-----------------+-----------+-------+
[   19.764437] cloud-init[695]: ci-info: |   0   |   0.0.0.0   | 10.0.2.2 |     0.0.0.0     |   enp0s3  |   UG  |
[   19.769473] cloud-init[695]: ci-info: |   1   |   10.0.2.0  | 0.0.0.0  |  255.255.255.0  |   enp0s3  |   U   |
[   19.780243] cloud-init[695]: ci-info: |   2   |   10.0.2.2  | 0.0.0.0  | 255.255.255.255 |   enp0s3  |   UH  |
[   19.792292] cloud-init[695]: ci-info: +-------+-------------+----------+-----------------+-----------+-------+
[   19.804405] cloud-init[695]: ci-info: +++++++++++++++++++Route IPv6 info+++++++++++++++++++
[   19.806387] cloud-init[695]: ci-info: +-------+-------------+---------+-----------+-------+
[   19.812285] cloud-init[695]: ci-info: | Route | Destination | Gateway | Interface | Flags |
[   19.814041] cloud-init[695]: ci-info: +-------+-------------+---------+-----------+-------+
[   19.816258] cloud-init[695]: ci-info: |   1   |  fe80::/64  |    ::   |   enp0s3  |   U   |
[   19.820287] cloud-init[695]: ci-info: |   3   |    local    |    ::   |   enp0s3  |   U   |
[   19.824197] cloud-init[695]: ci-info: |   4   |   ff00::/8  |    ::   |   enp0s3  |   U   |
[   19.828243] cloud-init[695]: ci-info: +-------+-------------+---------+-----------+-------+
[   20.752910] cloud-init[695]: Generating public/private rsa key pair.
[   20.764476] cloud-init[695]: Your identification has been saved in /etc/ssh/ssh_host_rsa_key.
[   20.765857] cloud-init[695]: Your public key has been saved in /etc/ssh/ssh_host_rsa_key.pub.
[   20.776359] cloud-init[695]: The key fingerprint is:
[   20.777462] cloud-init[695]: SHA256:u2S2xXPlH6IAEeqGHY2islv5dIYa7pB3mrpboo/bC4E root@ubuntu-bionic
[   20.779271] cloud-init[695]: The key's randomart image is:
[   20.780217] cloud-init[695]: +---[RSA 2048]----+
[   20.792388] cloud-init[695]: |       .         |
[   20.804475] cloud-init[695]: |      + .        |
[   20.805868] cloud-init[695]: |   . + o         |
[   20.807003] cloud-init[695]: |. . = . .        |
[   20.812388] cloud-init[695]: |E. . + .S     .  |
[   20.813768] cloud-init[695]: |.+ ...  .o   o   |
[   20.815107] cloud-init[695]: |* * + o =.+ .... |
[   20.820485] cloud-init[695]: |.% O o + +.o. ...|
[   20.821818] cloud-init[695]: |OBX..   o  .    .|
[   20.822998] cloud-init[695]: +----[SHA256]-----+
[   20.828335] cloud-init[695]: Generating public/private dsa key pair.
[   20.829916] cloud-init[695]: Your identification has been saved in /etc/ssh/ssh_host_dsa_key.
[   20.840372] cloud-init[695]: Your public key has been saved in /etc/ssh/ssh_host_dsa_key.pub.
[   20.842080] cloud-init[695]: The key fingerprint is:
[   20.843073] cloud-init[695]: SHA256:WxtRL1FNey9L7uOXoVQcnyq2ITrtu6/wso5DayWRU3c root@ubuntu-bionic
[   20.848895] cloud-init[695]: The key's randomart image is:
[   20.852409] cloud-init[695]: +---[DSA 1024]----+
[   20.856501] cloud-init[695]: |            o..o.|
[   20.860381] cloud-init[695]: |       . . E o .o|
[   20.872348] cloud-init[695]: |      o . o . o.=|
[   20.874131] cloud-init[695]: |     +     . . ++|
[   20.880269] cloud-init[695]: |      o S o   = .|
[   20.882141] cloud-init[695]: |     o . + * = + |
[   20.884206] cloud-init[695]: |    . +.+ + = + o|
[   20.888267] cloud-init[695]: |     +.+o. . o...|
[   20.892503] cloud-init[695]: |    ..oo=*=. .oo |
[   20.896309] cloud-init[695]: +----[SHA256]-----+
[   20.900221] cloud-init[695]: Generating public/private ecdsa key pair.
[   20.904182] cloud-init[695]: Your identification has been saved in /etc/ssh/ssh_host_ecdsa_key.
[   20.913554] cloud-init[695]: Your public key has been saved in /etc/ssh/ssh_host_ecdsa_key.pub.
[   20.915257] cloud-init[695]: The key fingerprint is:
[   20.916019] cloud-init[695]: SHA256:We1YnE8ssxvTdmcgeHMkdUcz7Kkcemnn2r4wCElWUag root@ubuntu-bionic
[   20.918238] cloud-init[695]: The key's randomart image is:
[[0;32m  OK  [0m] Started Initial cloud-init job (metadata service crawler).
[[0;32m  OK  [0m] Reached target Network is Online.
[   20.932006] cloud-init[695]: +---[ECDSA 256]---+
[   20.935483] cloud-init[695]: |           o=o+++|
[   20.942101] cloud-init[695]: |          .= = o+|
[   20.952432] cloud-init[695]:          Starting Availability of block devices...
[[0;32m  OK  [0m] Reached target Remote File Systems (Pre).|         o+ @ * .|
[   20.962516] cloud-init[695]: 
[[0;32m  OK  [0m] Reached target Remote File Systems.
[[0;32m  OK  [0m] Reached target System Initialization.
[[0;32m  OK  [0m|        oE.= % + |
[   20.970004] cloud-init[695]: |        So. B B +|
[   20.971189] cloud-init[695]: |          ...@ +.|] Started Discard unused blocks once a week.
[[0;32m  OK  [0m] Started Ubuntu Advantage Timer for running repeated jobs.
[[0;32m  OK  [0m] Listening on UUID daemon activation socket.

[[0;32m  OK  [0m] Started Message of the Day.
[   20.996673] cloud-init[695]: [[0;32m  OK  [0m] Started ACPI Events Check.
[[0;32m  OK  [0m] Reached target Paths.
[[0;32m  OK  [0m] Listening on cloud-init hotplug hook socket.
|           .+oo  |
[   21.001087] cloud-init[695]: |              +. |
[[0;32m  OK  [0m] Listening on ACPID Listen Socket.
         Starting LXD - unix socket.
[[0;32m  OK  [0m] Listening on D-Bus System Message Bus Socket.
[[0;32m  OK  [0m] Started Daily Cleanup of Temporary Directories.
[[0;32m  OK  [0m] Listening on Open-iSCSI iscsid Socket.
[[0;32m  OK  [0m] Started Daily apt download activities.
[[0;32m  OK  [0m] Started Daily apt upgrade and clean activities.
[[0;32m  OK  [0m] Reached target Timers.
         Starting Socket activation for snappy daemon.
[   21.009151] cloud-init[695]: |             .o+.|
[   21.057357] cloud-init[695]: +----[SHA256]-----+
[[0;32m  OK  [0m] Reached target Cloud-config availability.[   21.073065] cloud-init[695]: Generating public/private ed25519 key pair.
[   21.074986] cloud-init[695]: Your identification has been saved in /etc/ssh/ssh_host_ed25519_key.
[[0;32m  OK  [0m] Started Availability of block devices.

[   21.080468] cloud-init[695]: Your public key has been saved in /etc/ssh/ssh_host_ed25519_key.pub.
[[0;32m  OK  [0m] Listening on LXD - unix socket.
[[0;32m  OK  [0m] Listening on Socket activation for snappy daemon.[   21.084156] cloud-init[695]: The key fingerprint is:
[   21.085249] cloud-init[695]: SHA256:kTJ10TmGvlbwV2Pg00WXcQdVM9zBkBIFGHYNCX93Xm0 root@ubuntu-bionic
[   21.086472] cloud-init[695]: The key's randomart image is:
[   21.087729] cloud-init
[[0;32m  OK  [0m] Reached target Sockets.
[[0;32m  OK  [0m] Reached target Basic System.
         Starting Login Service...
[695]: +--[ED25519 256]--+
         Starting LSB: Record successful boot for GRUB...
         Starting Permit User Sessions...
[   21.114048] cloud-init[695]: |        .+*OB=BO#|
[[0;32m  OK  [0m] Started D-Bus System Message Bus.
[   21.133545] cloud-init[695]: |       ..+=o*o.*@|
[   21.138402] cloud-init[695]: |      o o. =.=.+E|
[   21.148802] cloud-init[695]: |       o .. + +oo|
[   21.151561] cloud-init[695]: |        S  o .  .|
[   21.164400] cloud-init[695]: |          o      |
[   21.176387] cloud-init[695]: |         .       |
[   21.188350] cloud-init[695]: |                 |
[   21.201378] cloud-init[695]: |                 |
         Starting Pollinate to seed the pseudo random number generator...
[   21.215352] cloud-init[695]: +----[SHA256]-----+
         Starting LSB: automatic crash report generation...
         Starting Accounts Service...
         Starting Virtualbox guest utils...
         Starting Dispatcher daemon for systemd-networkd...
[[0;32m  OK  [0m] Started Regular background program processing daemon.
[[0;32m  OK  [0m] Started irqbalance daemon.
         Starting Snap Daemon...
[[0;32m  OK  [0m] Started FUSE filesystem for LXC.
         Starting System Logging Service...
         Starting LXD - container startup/shutdown...
[[0;32m  OK  [0m] Reached target Login Prompts (Pre).
[[0;32m  OK  [0m] Started Deferred execution scheduler.
[[0;32m  OK  [0m] Started Permit User Sessions.
[[0;32m  OK  [0m] Started Login Service.
[[0;32m  OK  [0m] Started Unattended Upgrades Shutdown.
         Starting Terminate Plymouth Boot Screen...
         Starting Hold until boot process finishes up...
[[0;32m  OK  [0m] Started Hold until boot process finishes up.
         Starting Set console scheme...
[[0;32m  OK  [0m] Started Serial Getty on ttyS0.
[[0;32m  OK  [0m] Started Terminate Plymouth Boot Screen.
[[0;32m  OK  [0m] Started System Logging Service.
[[0;32m  OK  [0m] Started Set console scheme.
[[0;32m  OK  [0m] Created slice system-getty.slice.
[[0;32m  OK  [0m] Started Getty on tty1.
[[0;32m  OK  [0m] Reached target Login Prompts.
         Starting Authorization Manager...
[[0;32m  OK  [0m] Started LSB: automatic crash report generation.
[[0;32m  OK  [0m] Started LSB: Record successful boot for GRUB.
[[0;32m  OK  [0m] Started Authorization Manager.
[[0;32m  OK  [0m] Started Accounts Service.
[[0;32m  OK  [0m] Started LXD - container startup/shutdown.
[[0;32m  OK  [0m] Started Virtualbox guest utils.
[[0;32m  OK  [0m] Started Dispatcher daemon for systemd-networkd.
[[0;32m  OK  [0m] Started Snap Daemon.
         Starting Wait until snapd is fully seeded...
[[0;32m  OK  [0m] Started Pollinate to seed the pseudo random number generator.
         Starting OpenBSD Secure Shell server...
[[0;32m  OK  [0m] Started OpenBSD Secure Shell server.
         Starting Time & Date Service...
[[0;32m  OK  [0m] Started Time & Date Service.
[[0;32m  OK  [0m] Created slice User Slice of vagrant.
         Starting User Manager for UID 1000...
[[0;32m  OK  [0m] Started Session 1 of user vagrant.
[[0;32m  OK  [0m] Started User Manager for UID 1000.
[[0;32m  OK  [0m] Started Wait until snapd is fully seeded.
         Starting Apply the settings specified in cloud-config...

Ubuntu 18.04.6 LTS ubuntu-bionic ttyS0

ubuntu-bionic login: [   31.593588] cloud-init[1096]: Cloud-init v. 22.4.2-0ubuntu0~18.04.1 running 'modules:config' at Wed, 15 Mar 2023 10:09:13 +0000. Up 28.75 seconds.
ci-info: no authorized SSH keys fingerprints found for user ubuntu.
<14>Mar 15 10:09:19 cloud-init: #############################################################
<14>Mar 15 10:09:19 cloud-init: -----BEGIN SSH HOST KEY FINGERPRINTS-----
<14>Mar 15 10:09:19 cloud-init: 1024 SHA256:WxtRL1FNey9L7uOXoVQcnyq2ITrtu6/wso5DayWRU3c root@ubuntu-bionic (DSA)
<14>Mar 15 10:09:19 cloud-init: 256 SHA256:We1YnE8ssxvTdmcgeHMkdUcz7Kkcemnn2r4wCElWUag root@ubuntu-bionic (ECDSA)
<14>Mar 15 10:09:19 cloud-init: 256 SHA256:kTJ10TmGvlbwV2Pg00WXcQdVM9zBkBIFGHYNCX93Xm0 root@ubuntu-bionic (ED25519)
<14>Mar 15 10:09:19 cloud-init: 2048 SHA256:u2S2xXPlH6IAEeqGHY2islv5dIYa7pB3mrpboo/bC4E root@ubuntu-bionic (RSA)
<14>Mar 15 10:09:19 cloud-init: -----END SSH HOST KEY FINGERPRINTS-----
<14>Mar 15 10:09:19 cloud-init: #############################################################
-----BEGIN SSH HOST KEY KEYS-----
ecdsa-sha2-nistp256 AAAAE2VjZHNhLXNoYTItbmlzdHAyNTYAAAAIbmlzdHAyNTYAAABBBLbeA6fjaHXLjkwd+IWVmUbFVfKNXyU8DfZLk3ACM1QJYkM5pUdzxwM35GiKZKIVllPcCWM9+sPztr9SKdrcEOU= root@ubuntu-bionic
ssh-ed25519 AAAAC3NzaC1lZDI1NTE5AAAAIFAuGY+CxS7vsmMCwRDcY65i7sxdVZ+/qa3t2xivzlDs root@ubuntu-bionic
ssh-rsa AAAAB3NzaC1yc2EAAAADAQABAAABAQCzAe/azjA9pvu755g1qEgd1LSt09avENOJOi8VmiaN1XLrRXqN4vn4HW+KFZ9kOGfxbzS2H0CBEQ+gVnmc+T0yeDj3fzIeqFg/8+KukW4xmc6IKrc/prosO4JSeNsLPoeMLGrsuahV45hb1mTYKtUcejdDBa0ED27dUM6tpmH3sh51b97APPkzLg+xZE6QQZarqSPaSjJJMJbxc3qHRddoY7KsLgyzUt9olSuGIFSjv/WkFBqlkSW/5z1fOmhEXh1UB/GdcKiZZ3HwpN6aCrFqwyGg9NhjppopYKpOgNBp6x7vvYcro3SRyOKvQmOseLveBlWp0WkQDRsTRIPsQakX root@ubuntu-bionic
-----END SSH HOST KEY KEYS-----
[   34.928799] cloud-init[1281]: Cloud-init v. 22.4.2-0ubuntu0~18.04.1 running 'modules:final' at Wed, 15 Mar 2023 10:09:18 +0000. Up 34.16 seconds.
[   34.930777] cloud-init[1281]: Cloud-init v. 22.4.2-0ubuntu0~18.04.1 finished at Wed, 15 Mar 2023 10:09:19 +0000. Datasource DataSourceNoCloud [seed=/dev/sdb][dsmode=net].  Up 34.89 seconds
[[0;32m  OK  [0m] Stopped Unattended Upgrades Shutdown.
[[0;32m  OK  [0m] Stopped target Cloud-init target.
[[0;32m  OK  [0m] Stopped target Timers.
[[0;32m  OK  [0m] Stopped Ubuntu Advantage Timer for running repeated jobs.
         Stopping User Manager for UID 1000...
[[0;32m  OK  [0m] Stopped Daily apt upgrade and clean activities.
[[0;32m  OK  [0m] Stopped Daily apt download activities.
         Stopping Session 6 of user vagrant.
[[0;32m  OK  [0m] Stopped Execute cloud user/final scripts.
[[0;32m  OK  [0m] Stopped Apply the settings specified in cloud-config.
[[0;32m  OK  [0m] Stopped Discard unused blocks once a week.
         Stopping Authorization Manager...
[[0;32m  OK  [0m] Stopped Message of the Day.
[[0;32m  OK  [0m] Stopped target System Time Synchronized.
[[0;32m  OK  [0m] Stopped target Graphical Interface.
[[0;32m  OK  [0m] Stopped target Multi-User System.
         Stopping System Logging Service...
         Stopping Dispatcher daemon for systemd-networkd...
         Stopping LXD - container startup/shutdown...
[[0;32m  OK  [0m] Stopped Wait until snapd is fully seeded.
         Stopping LSB: Record successful boot for GRUB...
         Stopping LSB: automatic crash report generation...
         Stopping Deferred execution scheduler...
         Stopping The Apache HTTP Server...
         Stopping D-Bus System Message Bus...
         Stopping OpenBSD Secure Shell server...
         Stopping FUSE filesystem for LXC...
[[0;32m  OK  [0m] Stopped target Cloud-config availability.
         Stopping Regular background program processing daemon...
         Stopping Availability of block devices...
[[0;32m  OK  [0m] Stopped Daily Cleanup of Temporary Directories.
         Stopping Virtualbox guest utils...
         Stopping Accounts Service...
[[0;32m  OK  [0m] Closed Load/Save RF Kill Switch Status /dev/rfkill Watch.
[[0;32m  OK  [0m] Stopped target Login Prompts.
         Stopping Getty on tty1...
         Stopping Serial Getty on ttyS0...
[[0;32m  OK  [0m] Unmounted /var/lib/lxcfs.
[[0;32m  OK  [0m] Stopped Accounts Service.
[[0;32m  OK  [0m] Stopped Dispatcher daemon for systemd-networkd.
[[0;32m  OK  [0m] Stopped Regular background program processing daemon.
[[0;32m  OK  [0m] Stopped System Logging Service.
[[0;32m  OK  [0m] Stopped Deferred execution scheduler.
[[0;32m  OK  [0m] Stopped Serial Getty on ttyS0.
[[0;32m  OK  [0m] Stopped Getty on tty1.
[[0;32m  OK  [0m] Stopped Authorization Manager.
[[0;32m  OK  [0m] Stopped OpenBSD Secure Shell server.
[[0;32m  OK  [0m] Stopped User Manager for UID 1000.
[[0;32m  OK  [0m] Stopped D-Bus System Message Bus.
[[0;32m  OK  [0m] Stopped FUSE filesystem for LXC.
[[0;32m  OK  [0m] Stopped Session 6 of user vagrant.
[[0;32m  OK  [0m] Stopped LXD - container startup/shutdown.
[[0;32m  OK  [0m] Removed slice User Slice of vagrant.
         Stopping Login Service...
[[0;32m  OK  [0m] Removed slice system-getty.slice.
[[0;32m  OK  [0m] Removed slice system-serial\x2dgetty.slice.
         Stopping Permit User Sessions...
[[0;32m  OK  [0m] Stopped target Login Prompts (Pre).
[[0;32m  OK  [0m] Stopped Login Service.
[[0;32m  OK  [0m] Stopped LSB: Record successful boot for GRUB.
[[0;32m  OK  [0m] Stopped Permit User Sessions.
[[0;32m  OK  [0m] Stopped target User and Group Name Lookups.
[[0;32m  OK  [0m] Stopped LSB: automatic crash report generation.
[[0;32m  OK  [0m] Stopped Availability of block devices.
[[0;32m  OK  [0m] Stopped Virtualbox guest utils.
[[0;32m  OK  [0m] Stopped The Apache HTTP Server.
[[0;32m  OK  [0m] Stopped target Remote File Systems.
         Unmounting /vagrant...
[[0;32m  OK  [0m] Stopped target Basic System.
[[0;32m  OK  [0m] Stopped target Slices.
[[0;32m  OK  [0m] Removed slice User and Session Slice.
[[0;32m  OK  [0m] Stopped target Paths.
[[0;32m  OK  [0m] Stopped ACPI Events Check.
[[0;32m  OK  [0m] Stopped target Sockets.
[[0;32m  OK  [0m] Closed LXD - unix socket.
[[0;32m  OK  [0m] Closed ACPID Listen Socket.
[[0;32m  OK  [0m] Closed Socket activation for snappy daemon.
[[0;32m  OK  [0m] Closed Syslog Socket.
[[0;32m  OK  [0m] Closed cloud-init hotplug hook socket.
[[0;32m  OK  [0m] Closed UUID daemon activation socket.
[[0;32m  OK  [0m] Closed D-Bus System Message Bus Socket.
[[0;32m  OK  [0m] Closed Open-iSCSI iscsid Socket.
[[0;32m  OK  [0m] Stopped target System Initialization.
         Stopping Load/Save Random Seed...
         Stopping Update UTMP about System Boot/Shutdown...
[[0;32m  OK  [0m] Stopped target Local Encrypted Volumes.
[[0;32m  OK  [0m] Stopped Dispatch Password Requests to Console Directory Watch.
[[0;32m  OK  [0m] Stopped Forward Password Requests to Wall Directory Watch.
[[0;32m  OK  [0m] Stopped Commit a transient machine-id on disk.
[[0;32m  OK  [0m] Stopped target Host and Network Name Lookups.
[[0;32m  OK  [0m] Unmounted /vagrant.
[[0;32m  OK  [0m] Stopped Load/Save Random Seed.
[[0;32m  OK  [0m] Stopped Update UTMP about System Boot/Shutdown.
[[0;32m  OK  [0m] Stopped target Remote File Systems (Pre).
[[0;32m  OK  [0m] Stopped target Network is Online.
[[0;32m  OK  [0m] Stopped target Network.
         Stopping Network Name Resolution...
[[0;32m  OK  [0m] Stopped Initial cloud-init job (metadata service crawler).
[[0;32m  OK  [0m] Stopped Network Name Resolution.
         Stopping Network Service...
[[0;32m  OK  [0m] Stopped Create Volatile Files and Directories.
[[0;32m  OK  [0m] Stopped target Local File Systems.
[[0;32m  OK  [0m] Stopped target Mounted snaps.
[[0;32m  OK  [0m] Stopped target Mounting snaps.
         Unmounting /run/user/1000...
[[0;32m  OK  [0m] Unmounted /run/user/1000.
[[0;32m  OK  [0m] Reached target Unmount All Filesystems.
[[0;32m  OK  [0m] Stopped target Swap.
[[0;32m  OK  [0m] Stopped target Local File Systems (Pre).
[[0;32m  OK  [0m] Stopped Create Static Device Nodes in /dev.
         Stopping Monitoring of LVM2 mirrors…ng dmeventd or progress polling...
[[0;32m  OK  [0m] Stopped Network Service.
[[0;32m  OK  [0m] Stopped Apply Kernel Variables.
[[0;32m  OK  [0m] Stopped Load Kernel Modules.
[[0;32m  OK  [0m] Stopped target Network (Pre).
[[0;32m  OK  [0m] Stopped Initial cloud-init job (pre-networking).
[[0;32m  OK  [0m] Stopped Remount Root and Kernel File Systems.
[[0;32m  OK  [0m] Reached target Shutdown.
[[0;32m  OK  [0m] Reached target Final Step.
         Starting Power-Off...
[[0;32m  OK  [0m] Stopped Monitoring of LVM2 mirrors,…sing dmeventd or progress polling.
         Stopping LVM2 metadata daemon...
[[0;32m  OK  [0m] Stopped LVM2 metadata daemon.
[  786.595573] reboot: Power down
