[    0.000000] Linux version 4.15.0-206-generic (buildd@lcy02-amd64-070) (gcc version 7.5.0 (Ubuntu 7.5.0-3ubuntu1~18.04)) #217-Ubuntu SMP Fri Feb 3 19:10:13 UTC 2023 (Ubuntu 4.15.0-206.217-generic 4.15.18)
[    0.000000] Command line: BOOT_IMAGE=/boot/vmlinuz-4.15.0-206-generic root=LABEL=cloudimg-rootfs ro console=tty1 console=ttyS0
[    0.000000] KERNEL supported cpus:
[    0.000000]   Intel GenuineIntel
[    0.000000]   AMD AuthenticAMD
[    0.000000]   Centaur CentaurHauls
[    0.000000] x86/fpu: Supporting XSAVE feature 0x001: 'x87 floating point registers'
[    0.000000] x86/fpu: Supporting XSAVE feature 0x002: 'SSE registers'
[    0.000000] x86/fpu: Supporting XSAVE feature 0x004: 'AVX registers'
[    0.000000] x86/fpu: xstate_offset[2]:  576, xstate_sizes[2]:  256
[    0.000000] x86/fpu: Enabled xstate features 0x7, context size is 832 bytes, using 'standard' format.
[    0.000000] e820: BIOS-provided physical RAM map:
[    0.000000] BIOS-e820: [mem 0x0000000000000000-0x000000000009fbff] usable
[    0.000000] BIOS-e820: [mem 0x000000000009fc00-0x000000000009ffff] reserved
[    0.000000] BIOS-e820: [mem 0x00000000000f0000-0x00000000000fffff] reserved
[    0.000000] BIOS-e820: [mem 0x0000000000100000-0x000000003ffeffff] usable
[    0.000000] BIOS-e820: [mem 0x000000003fff0000-0x000000003fffffff] ACPI data
[    0.000000] BIOS-e820: [mem 0x00000000fec00000-0x00000000fec00fff] reserved
[    0.000000] BIOS-e820: [mem 0x00000000fee00000-0x00000000fee00fff] reserved
[    0.000000] BIOS-e820: [mem 0x00000000fffc0000-0x00000000ffffffff] reserved
[    0.000000] NX (Execute Disable) protection: active
[    0.000000] SMBIOS 2.5 present.
[    0.000000] DMI: innotek GmbH VirtualBox/VirtualBox, BIOS VirtualBox 12/01/2006
[    0.000000] Hypervisor detected: KVM
[    0.000000] e820: last_pfn = 0x3fff0 max_arch_pfn = 0x400000000
[    0.000000] MTRR: Disabled
[    0.000000] x86/PAT: MTRRs disabled, skipping PAT initialization too.
[    0.000000] CPU MTRRs all blank - virtualized system.
[    0.000000] x86/PAT: Configuration [0-7]: WB  WT  UC- UC  WB  WT  UC- UC  
[    0.000000] found SMP MP-table at [mem 0x0009fff0-0x0009ffff]
[    0.000000] Scanning 1 areas for low memory corruption
[    0.000000] RAMDISK: [mem 0x359c9000-0x36cdbfff]
[    0.000000] ACPI: Early table checksum verification disabled
[    0.000000] ACPI: RSDP 0x00000000000E0000 000024 (v02 VBOX  )
[    0.000000] ACPI: XSDT 0x000000003FFF0030 00003C (v01 VBOX   VBOXXSDT 00000001 ASL  00000061)
[    0.000000] ACPI: FACP 0x000000003FFF00F0 0000F4 (v04 VBOX   VBOXFACP 00000001 ASL  00000061)
[    0.000000] ACPI: DSDT 0x000000003FFF0610 002353 (v02 VBOX   VBOXBIOS 00000002 INTL 20100528)
[    0.000000] ACPI: FACS 0x000000003FFF0200 000040
[    0.000000] ACPI: FACS 0x000000003FFF0200 000040
[    0.000000] ACPI: APIC 0x000000003FFF0240 00005C (v02 VBOX   VBOXAPIC 00000001 ASL  00000061)
[    0.000000] ACPI: SSDT 0x000000003FFF02A0 00036C (v01 VBOX   VBOXCPUT 00000002 INTL 20100528)
[    0.000000] ACPI: Reserving FACP table memory at [mem 0x3fff00f0-0x3fff01e3]
[    0.000000] ACPI: Reserving DSDT table memory at [mem 0x3fff0610-0x3fff2962]
[    0.000000] ACPI: Reserving FACS table memory at [mem 0x3fff0200-0x3fff023f]
[    0.000000] ACPI: Reserving FACS table memory at [mem 0x3fff0200-0x3fff023f]
[    0.000000] ACPI: Reserving APIC table memory at [mem 0x3fff0240-0x3fff029b]
[    0.000000] ACPI: Reserving SSDT table memory at [mem 0x3fff02a0-0x3fff060b]
[    0.000000] No NUMA configuration found
[    0.000000] Faking a node at [mem 0x0000000000000000-0x000000003ffeffff]
[    0.000000] NODE_DATA(0) allocated [mem 0x3ffc5000-0x3ffeffff]
[    0.000000] kvm-clock: cpu 0, msr 0:3ff44001, primary cpu clock
[    0.000000] kvm-clock: Using msrs 4b564d01 and 4b564d00
[    0.000000] kvm-clock: using sched offset of 5117893286 cycles
[    0.000000] clocksource: kvm-clock: mask: 0xffffffffffffffff max_cycles: 0x1cd42e4dffb, max_idle_ns: 881590591483 ns
[    0.000000] Zone ranges:
[    0.000000]   DMA      [mem 0x0000000000001000-0x0000000000ffffff]
[    0.000000]   DMA32    [mem 0x0000000001000000-0x000000003ffeffff]
[    0.000000]   Normal   empty
[    0.000000]   Device   empty
[    0.000000] Movable zone start for each node
[    0.000000] Early memory node ranges
[    0.000000]   node   0: [mem 0x0000000000001000-0x000000000009efff]
[    0.000000]   node   0: [mem 0x0000000000100000-0x000000003ffeffff]
[    0.000000] Reserved but unavailable: 104 pages
[    0.000000] Initmem setup node 0 [mem 0x0000000000001000-0x000000003ffeffff]
[    0.000000] ACPI: PM-Timer IO Port: 0x4008
[    0.000000] IOAPIC[0]: apic_id 2, version 32, address 0xfec00000, GSI 0-23
[    0.000000] ACPI: INT_SRC_OVR (bus 0 bus_irq 0 global_irq 2 dfl dfl)
[    0.000000] ACPI: INT_SRC_OVR (bus 0 bus_irq 9 global_irq 9 low level)
[    0.000000] Using ACPI (MADT) for SMP configuration information
[    0.000000] smpboot: Allowing 2 CPUs, 0 hotplug CPUs
[    0.000000] PM: Registered nosave memory: [mem 0x00000000-0x00000fff]
[    0.000000] PM: Registered nosave memory: [mem 0x0009f000-0x0009ffff]
[    0.000000] PM: Registered nosave memory: [mem 0x000a0000-0x000effff]
[    0.000000] PM: Registered nosave memory: [mem 0x000f0000-0x000fffff]
[    0.000000] e820: [mem 0x40000000-0xfebfffff] available for PCI devices
[    0.000000] Booting paravirtualized kernel on KVM
[    0.000000] clocksource: refined-jiffies: mask: 0xffffffff max_cycles: 0xffffffff, max_idle_ns: 7645519600211568 ns
[    0.000000] setup_percpu: NR_CPUS:8192 nr_cpumask_bits:2 nr_cpu_ids:2 nr_node_ids:1
[    0.000000] percpu: Embedded 50 pages/cpu s167936 r8192 d28672 u1048576
[    0.000000] PV qspinlock hash table entries: 256 (order: 0, 4096 bytes)
[    0.000000] Built 1 zonelists, mobility grouping on.  Total pages: 257913
[    0.000000] Policy zone: DMA32
[    0.000000] Kernel command line: BOOT_IMAGE=/boot/vmlinuz-4.15.0-206-generic root=LABEL=cloudimg-rootfs ro console=tty1 console=ttyS0
[    0.000000] Memory: 982640K/1048120K available (12300K kernel code, 2477K rwdata, 4324K rodata, 2480K init, 2720K bss, 65480K reserved, 0K cma-reserved)
[    0.000000] SLUB: HWalign=64, Order=0-3, MinObjects=0, CPUs=2, Nodes=1
[    0.000000] ftrace: allocating 39485 entries in 155 pages
[    0.004000] Hierarchical RCU implementation.
[    0.004000] 	RCU restricting CPUs from NR_CPUS=8192 to nr_cpu_ids=2.
[    0.004000] 	Tasks RCU enabled.
[    0.004000] RCU: Adjusting geometry for rcu_fanout_leaf=16, nr_cpu_ids=2
[    0.004000] NR_IRQS: 524544, nr_irqs: 440, preallocated irqs: 16
[    0.004000] random: crng init done
[    0.004000] Console: colour VGA+ 80x25
[    0.004000] console [tty1] enabled
[    0.004000] console [ttyS0] enabled
[    0.004000] ACPI: Core revision 20170831
[    0.004000] ACPI: 2 ACPI AML tables successfully acquired and loaded
[    0.004000] APIC: Switch to symmetric I/O mode setup
[    0.004000] x2apic enabled
[    0.004000] Switched APIC routing to physical x2apic.
[    0.004000] ..TIMER: vector=0x30 apic1=0 pin1=2 apic2=-1 pin2=-1
[    0.004007] tsc: Detected 1382.402 MHz processor
[    0.004702] Calibrating delay loop (skipped) preset value.. 2764.80 BogoMIPS (lpj=5529608)
[    0.005451] pid_max: default: 32768 minimum: 301
[    0.006446] Security Framework initialized
[    0.008007] Yama: becoming mindful.
[    0.008681] AppArmor: AppArmor initialized
[    0.012028] Dentry cache hash table entries: 131072 (order: 8, 1048576 bytes)
[    0.012964] Inode-cache hash table entries: 65536 (order: 7, 524288 bytes)
[    0.013788] Mount-cache hash table entries: 2048 (order: 2, 16384 bytes)
[    0.016013] Mountpoint-cache hash table entries: 2048 (order: 2, 16384 bytes)
[    0.017890] Last level iTLB entries: 4KB 0, 2MB 0, 4MB 0
[    0.018945] Last level dTLB entries: 4KB 0, 2MB 0, 4MB 0, 1GB 0
[    0.020012] Spectre V1 : Mitigation: usercopy/swapgs barriers and __user pointer sanitization
[    0.021551] Spectre V2 : Mitigation: Retpolines
[    0.022258] Spectre V2 : Spectre v2 / SpectreRSB mitigation: Filling RSB on context switch
[    0.024012] Spectre V2 : Spectre v2 / SpectreRSB : Filling RSB on VMEXIT
[    0.025347] Speculative Store Bypass: Vulnerable
[    0.026534] Freeing SMP alternatives memory: 36K
[    0.138551] smpboot: CPU0: 11th Gen Intel(R) Core(TM) i5-1135G7 @ 2.40GHz (family: 0x6, model: 0x8c, stepping: 0x1)
[    0.140000] Performance Events: unsupported p6 CPU model 140 no PMU driver, software events only.
[    0.140000] Hierarchical SRCU implementation.
[    0.140356] NMI watchdog: Perf event create on CPU 0 failed with -2
[    0.141577] NMI watchdog: Perf NMI watchdog permanently disabled
[    0.142552] smp: Bringing up secondary CPUs ...
[    0.143334] x86: Booting SMP configuration:
[    0.143944] .... node  #0, CPUs:      #1
[    0.004000] kvm-clock: cpu 1, msr 0:3ff44041, secondary cpu clock
[    0.147360] smp: Brought up 1 node, 2 CPUs
[    0.147360] smpboot: Max logical packages: 1
[    0.148013] smpboot: Total of 2 processors activated (5529.60 BogoMIPS)
[    0.149209] devtmpfs: initialized
[    0.149209] x86/mm: Memory block size: 128MB
[    0.149326] evm: security.selinux
[    0.149951] evm: security.SMACK64
[    0.152008] evm: security.SMACK64EXEC
[    0.152849] evm: security.SMACK64TRANSMUTE
[    0.153806] evm: security.SMACK64MMAP
[    0.154701] evm: security.apparmor
[    0.155374] evm: security.ima
[    0.156010] evm: security.capability
[    0.157041] clocksource: jiffies: mask: 0xffffffff max_cycles: 0xffffffff, max_idle_ns: 7645041785100000 ns
[    0.157495] futex hash table entries: 512 (order: 3, 32768 bytes)
[    0.160115] pinctrl core: initialized pinctrl subsystem
[    0.164139] RTC time: 12:38:39, date: 03/14/23
[    0.165072] NET: Registered protocol family 16
[    0.165859] audit: initializing netlink subsys (disabled)
[    0.168039] audit: type=2000 audit(1678797526.510:1): state=initialized audit_enabled=0 res=1
[    0.169129] cpuidle: using governor ladder
[    0.169129] cpuidle: using governor menu
[    0.169239] ACPI: bus type PCI registered
[    0.169947] acpiphp: ACPI Hot Plug PCI Controller Driver version: 0.5
[    0.172103] PCI: Using configuration type 1 for base access
[    0.173049] HugeTLB registered 2.00 MiB page size, pre-allocated 0 pages
[    0.176065] ACPI: Added _OSI(Module Device)
[    0.176630] ACPI: Added _OSI(Processor Device)
[    0.177190] ACPI: Added _OSI(3.0 _SCP Extensions)
[    0.177773] ACPI: Added _OSI(Processor Aggregator Device)
[    0.178455] ACPI: Added _OSI(Linux-Dell-Video)
[    0.178981] ACPI: Added _OSI(Linux-Lenovo-NV-HDMI-Audio)
[    0.179651] ACPI: Added _OSI(Linux-HPI-Hybrid-Graphics)
[    0.180284] ACPI: Executed 1 blocks of module-level executable AML code
[    0.183712] ACPI: Interpreter enabled
[    0.184015] ACPI: (supports S0 S5)
[    0.184593] ACPI: Using IOAPIC for interrupt routing
[    0.185514] PCI: Using host bridge windows from ACPI; if necessary, use "pci=nocrs" and report a bug
[    0.186867] ACPI: Enabled 2 GPEs in block 00 to 07
[    0.192921] ACPI: PCI Root Bridge [PCI0] (domain 0000 [bus 00-ff])
[    0.193708] acpi PNP0A03:00: _OSC: OS supports [ASPM ClockPM Segments MSI]
[    0.195144] acpi PNP0A03:00: _OSC: not requesting OS control; OS requires [ExtendedConfig ASPM ClockPM MSI]
[    0.196015] acpi PNP0A03:00: fail to add MMCONFIG information, can't access extended PCI configuration space under this bridge.
[    0.200300] PCI host bridge to bus 0000:00
[    0.200774] pci_bus 0000:00: root bus resource [io  0x0000-0x0cf7 window]
[    0.201533] pci_bus 0000:00: root bus resource [io  0x0d00-0xffff window]
[    0.202356] pci_bus 0000:00: root bus resource [mem 0x000a0000-0x000bffff window]
[    0.203350] pci_bus 0000:00: root bus resource [mem 0x40000000-0xfdffffff window]
[    0.204005] pci_bus 0000:00: root bus resource [bus 00-ff]
[    0.206784] pci 0000:00:01.1: legacy IDE quirk: reg 0x10: [io  0x01f0-0x01f7]
[    0.208006] pci 0000:00:01.1: legacy IDE quirk: reg 0x14: [io  0x03f6]
[    0.208891] pci 0000:00:01.1: legacy IDE quirk: reg 0x18: [io  0x0170-0x0177]
[    0.209793] pci 0000:00:01.1: legacy IDE quirk: reg 0x1c: [io  0x0376]
[    0.220126] pci 0000:00:07.0: quirk: [io  0x4000-0x403f] claimed by PIIX4 ACPI
[    0.221040] pci 0000:00:07.0: quirk: [io  0x4100-0x410f] claimed by PIIX4 SMB
[    0.233027] ACPI: PCI Interrupt Link [LNKA] (IRQs 5 9 10 *11)
[    0.233914] ACPI: PCI Interrupt Link [LNKB] (IRQs 5 9 *10 11)
[    0.234791] ACPI: PCI Interrupt Link [LNKC] (IRQs 5 *9 10 11)
[    0.236049] ACPI: PCI Interrupt Link [LNKD] (IRQs 5 9 10 *11)
[    0.236989] SCSI subsystem initialized
[    0.237490] pci 0000:00:02.0: vgaarb: setting as boot VGA device
[    0.237490] pci 0000:00:02.0: vgaarb: VGA device added: decodes=io+mem,owns=io+mem,locks=none
[    0.237639] pci 0000:00:02.0: vgaarb: bridge control possible
[    0.238342] vgaarb: loaded
[    0.240027] ACPI: bus type USB registered
[    0.240525] usbcore: registered new interface driver usbfs
[    0.241170] usbcore: registered new interface driver hub
[    0.241786] usbcore: registered new device driver usb
[    0.242416] EDAC MC: Ver: 3.0.0
[    0.242416] PCI: Using ACPI for IRQ routing
[    0.244202] NetLabel: Initializing
[    0.244736] NetLabel:  domain hash size = 128
[    0.245263] NetLabel:  protocols = UNLABELED CIPSOv4 CALIPSO
[    0.245910] NetLabel:  unlabeled traffic allowed by default
[    0.246549] clocksource: Switched to clocksource kvm-clock
[    0.259925] VFS: Disk quotas dquot_6.6.0
[    0.260488] VFS: Dquot-cache hash table entries: 512 (order 0, 4096 bytes)
[    0.261322] AppArmor: AppArmor Filesystem Enabled
[    0.261934] pnp: PnP ACPI init
[    0.263110] pnp: PnP ACPI: found 3 devices
[    0.270811] clocksource: acpi_pm: mask: 0xffffff max_cycles: 0xffffff, max_idle_ns: 2085701024 ns
[    0.272337] NET: Registered protocol family 2
[    0.273129] IP idents hash table entries: 16384 (order: 5, 131072 bytes)
[    0.277242] TCP established hash table entries: 8192 (order: 4, 65536 bytes)
[    0.278115] TCP bind hash table entries: 8192 (order: 5, 131072 bytes)
[    0.278873] TCP: Hash tables configured (established 8192 bind 8192)
[    0.279713] UDP hash table entries: 512 (order: 2, 16384 bytes)
[    0.280404] UDP-Lite hash table entries: 512 (order: 2, 16384 bytes)
[    0.281153] NET: Registered protocol family 1
[    0.281790] pci 0000:00:00.0: Limiting direct PCI/PCI transfers
[    0.282590] pci 0000:00:01.0: Activating ISA DMA hang workarounds
[    0.283313] pci 0000:00:02.0: Video device with shadowed ROM at [mem 0x000c0000-0x000dffff]
[    0.284479] Unpacking initramfs...
[    0.577289] Freeing initrd memory: 19532K
[    0.577946] clocksource: tsc: mask: 0xffffffffffffffff max_cycles: 0x13ed30257ab, max_idle_ns: 440795252862 ns
[    0.579574] platform rtc_cmos: registered platform RTC device (no PNP device found)
[    0.581054] Scanning for low memory corruption every 60 seconds
[    0.583388] Initialise system trusted keyrings
[    0.584259] Key type blacklist registered
[    0.584854] workingset: timestamp_bits=36 max_order=18 bucket_order=0
[    0.586421] zbud: loaded
[    0.587181] squashfs: version 4.0 (2009/01/31) Phillip Lougher
[    0.588609] fuse init (API version 7.26)
[    0.590488] Key type asymmetric registered
[    0.591032] Asymmetric key parser 'x509' registered
[    0.591661] Block layer SCSI generic (bsg) driver version 0.4 loaded (major 246)
[    0.592745] io scheduler noop registered
[    0.593307] io scheduler deadline registered
[    0.594215] io scheduler cfq registered (default)
[    0.595157] ACPI: AC Adapter [AC] (off-line)
[    0.596062] input: Power Button as /devices/LNXSYSTM:00/LNXPWRBN:00/input/input0
[    0.597407] ACPI: Power Button [PWRF]
[    0.598066] input: Sleep Button as /devices/LNXSYSTM:00/LNXSLPBN:00/input/input1
[    0.599182] ACPI: Sleep Button [SLPF]
[    0.600582] ACPI: Battery Slot [BAT0] (battery present)
[    0.601425] Serial: 8250/16550 driver, 32 ports, IRQ sharing enabled
[    0.625690] 00:02: ttyS0 at I/O 0x3f8 (irq = 4, base_baud = 115200) is a 16550A
[    0.633122] Linux agpgart interface v0.103
[    0.638271] loop: module loaded
[    0.639545] scsi host0: ata_piix
[    0.640040] scsi host1: ata_piix
[    0.640555] ata1: PATA max UDMA/33 cmd 0x1f0 ctl 0x3f6 bmdma 0xd000 irq 14
[    0.641238] ata2: PATA max UDMA/33 cmd 0x170 ctl 0x376 bmdma 0xd008 irq 15
[    0.642066] tun: Universal TUN/TAP device driver, 1.6
[    0.642751] PPP generic driver version 2.4.2
[    0.643242] ehci_hcd: USB 2.0 'Enhanced' Host Controller (EHCI) Driver
[    0.643957] ehci-pci: EHCI PCI platform driver
[    0.644664] ehci-platform: EHCI generic platform driver
[    0.645203] ohci_hcd: USB 1.1 'Open' Host Controller (OHCI) Driver
[    0.645825] ohci-pci: OHCI PCI platform driver
[    0.646293] ohci-platform: OHCI generic platform driver
[    0.646968] uhci_hcd: USB Universal Host Controller Interface driver
[    0.647774] i8042: PNP: PS/2 Controller [PNP0303:PS2K,PNP0f03:PS2M] at 0x60,0x64 irq 1,12
[    0.649187] serio: i8042 KBD port at 0x60,0x64 irq 1
[    0.649741] serio: i8042 AUX port at 0x60,0x64 irq 12
[    0.650447] mousedev: PS/2 mouse device common for all mice
[    0.651404] input: AT Translated Set 2 keyboard as /devices/platform/i8042/serio0/input/input2
[    0.652511] rtc_cmos rtc_cmos: rtc core: registered rtc_cmos as rtc0
[    0.653464] rtc_cmos rtc_cmos: alarms up to one day, 114 bytes nvram
[    0.654406] i2c /dev entries driver
[    0.654950] device-mapper: uevent: version 1.0.3
[    0.655830] device-mapper: ioctl: 4.37.0-ioctl (2017-09-20) initialised: dm-devel@redhat.com
[    0.656910] ledtrig-cpu: registered to indicate activity on CPUs
[    0.657845] NET: Registered protocol family 10
[    0.660627] Segment Routing with IPv6
[    0.661109] NET: Registered protocol family 17
[    0.661712] Key type dns_resolver registered
[    0.662615] mce: Using 0 MCE banks
[    0.663025] RAS: Correctable Errors collector initialized.
[    0.663645] sched_clock: Marking stable (662565157, 0)->(991191827, -328626670)
[    0.664726] registered taskstats version 1
[    0.665212] Loading compiled-in X.509 certificates
[    0.667150] Loaded X.509 cert 'Build time autogenerated kernel key: 4d405f87ce750406625b929cd2e51cc76ab5bcf4'
[    0.668694] Loaded X.509 cert 'Canonical Ltd. Live Patch Signing: 14df34d1a87cf37625abec039ef2bf521249b969'
[    0.670069] Loaded X.509 cert 'Canonical Ltd. Kernel Module Signing: 88f752e560a1e0737e31163a466ad7b70a850c19'
[    0.671456] blacklist: Loading compiled-in revocation X.509 certificates
[    0.673352] Loaded X.509 cert 'Canonical Ltd. Secure Boot Signing: 61482aa2830d0ab2ad5af10b7250da9033ddcef0'
[    0.674824] Loaded X.509 cert 'Canonical Ltd. Secure Boot Signing (2017): 242ade75ac4a15e50d50c84b0d45ff3eae707a03'
[    0.676308] Loaded X.509 cert 'Canonical Ltd. Secure Boot Signing (ESM 2018): 365188c1d374d6b07c3c8f240f8ef722433d6a8b'
[    0.677871] Loaded X.509 cert 'Canonical Ltd. Secure Boot Signing (2019): c0746fd6c5da3ae827864651ad66ae47fe24b3e8'
[    0.679248] Loaded X.509 cert 'Canonical Ltd. Secure Boot Signing (2021 v1): a8d54bbb3825cfb94fa13c9f8a594a195c107b8d'
[    0.680483] Loaded X.509 cert 'Canonical Ltd. Secure Boot Signing (2021 v2): 4cf046892d6fd3c9a5b03f98d845f90851dc6a8c'
[    0.681675] Loaded X.509 cert 'Canonical Ltd. Secure Boot Signing (2021 v3): 100437bb6de6e469b581e61cd66bce3ef4ed53af'
[    0.682978] Loaded X.509 cert 'Canonical Ltd. Secure Boot Signing (Ubuntu Core 2019): c1d57b8f6b743f23ee41f4f7ee292f06eecadfb9'
[    0.684311] zswap: loaded using pool lzo/zbud
[    0.686797] Key type big_key registered
[    0.687217] Key type trusted registered
[    0.689152] Key type encrypted registered
[    0.689604] AppArmor: AppArmor sha1 policy hashing enabled
[    0.690215] ima: No TPM chip found, activating TPM-bypass! (rc=-19)
[    0.690841] ima: Allocated hash algorithm: sha1
[    0.691325] evm: HMAC attrs: 0x1
[    0.691867]   Magic number: 15:884:632
[    0.692583] rtc_cmos rtc_cmos: setting system clock to 2023-03-14 12:38:40 UTC (1678797520)
[    0.693504] BIOS EDD facility v0.16 2004-Jun-25, 0 devices found
[    0.694136] EDD information not available.
[    0.846779] Freeing unused kernel image memory: 2480K
[    0.860436] Write protecting the kernel read-only data: 20480k
[    0.862747] Freeing unused kernel image memory: 2008K
[    0.864537] Freeing unused kernel image memory: 1820K
[    0.869450] x86/mm: Checked W+X mappings: passed, no W+X pages found.
Loading, please wait...
starting version 237
[    0.917309] e1000: Intel(R) PRO/1000 Network Driver - version 7.3.21-k8-NAPI
[    0.918186] e1000: Copyright (c) 1999-2006 Intel Corporation.
[    0.926267] Fusion MPT base driver 3.04.20
[    0.927227] Copyright (c) 1999-2008 LSI Corporation
[    0.943438] AVX2 version of gcm_enc/dec engaged.
[    0.944497] AES CTR mode by8 optimization enabled
[    0.945724] Fusion MPT SPI Host driver 3.04.20
[    1.138363] input: ImExPS/2 Generic Explorer Mouse as /devices/platform/i8042/serio1/input/input4
[    1.543893] e1000 0000:00:03.0 eth0: (PCI:33MHz:32-bit) 02:df:c2:d4:51:e3
[    1.545126] e1000 0000:00:03.0 eth0: Intel(R) PRO/1000 Network Connection
[    1.546837] mptbase: ioc0: Initiating bringup
[    2.545025] ioc0: LSI53C1030 A0: Capabilities={Initiator}
[    5.635809] scsi host2: ioc0: LSI53C1030 A0, FwRev=00000000h, Ports=1, MaxQ=256, IRQ=20
[    8.589214] scsi 2:0:0:0: Direct-Access     VBOX     HARDDISK         1.0  PQ: 0 ANSI: 5
[    8.628300] scsi target2:0:0: Beginning Domain Validation
[    8.638621] scsi target2:0:0: Domain Validation skipping write tests
[    8.643514] scsi target2:0:0: Ending Domain Validation
[    8.647679] scsi target2:0:0: asynchronous
[    8.652436] scsi 2:0:1:0: Direct-Access     VBOX     HARDDISK         1.0  PQ: 0 ANSI: 5
[    8.960140] scsi target2:0:1: Beginning Domain Validation
[    8.969457] scsi target2:0:1: Domain Validation skipping write tests
[    8.973880] scsi target2:0:1: Ending Domain Validation
[    8.977401] scsi target2:0:1: asynchronous
[    8.995003] sd 2:0:0:0: Attached scsi generic sg0 type 0
[    8.999336] sd 2:0:0:0: [sda] 83886080 512-byte logical blocks: (42.9 GB/40.0 GiB)
[    9.007241] sd 2:0:0:0: [sda] Write Protect is off
[    9.011203] sd 2:0:1:0: Attached scsi generic sg1 type 0
[    9.015348] sd 2:0:1:0: [sdb] 20480 512-byte logical blocks: (10.5 MB/10.0 MiB)
[    9.019836] sd 2:0:1:0: [sdb] Write Protect is off
[    9.022641] sd 2:0:0:0: [sda] Incomplete mode parameter data
[    9.025079] sd 2:0:0:0: [sda] Assuming drive cache: write through
[    9.028585] sd 2:0:1:0: [sdb] Incomplete mode parameter data
[    9.031451] sd 2:0:1:0: [sdb] Assuming drive cache: write through
[    9.038450]  sda: sda1
[    9.042270] sd 2:0:1:0: [sdb] Attached SCSI disk
[    9.045011] sd 2:0:0:0: [sda] Attached SCSI disk
[    9.131855] e1000 0000:00:08.0 eth1: (PCI:33MHz:32-bit) 08:00:27:6e:80:16
[    9.134850] e1000 0000:00:08.0 eth1: Intel(R) PRO/1000 Network Connection
[   10.583198] e1000 0000:00:09.0 eth2: (PCI:33MHz:32-bit) 08:00:27:f5:c1:85
[   10.587005] e1000 0000:00:09.0 eth2: Intel(R) PRO/1000 Network Connection
[   10.593713] e1000 0000:00:09.0 enp0s9: renamed from eth2
[   10.625214] e1000 0000:00:03.0 enp0s3: renamed from eth0
[   10.693039] e1000 0000:00:08.0 enp0s8: renamed from eth1
Begin: Loading essential drivers ... [   12.748894] raid6: sse2x1   gen()  3827 MB/s
[   12.800112] raid6: sse2x1   xor()  2876 MB/s
[   12.848640] raid6: sse2x2   gen()  5526 MB/s
[   12.896289] raid6: sse2x2   xor()  3984 MB/s
[   12.945256] raid6: sse2x4   gen()  5212 MB/s
[   12.996084] raid6: sse2x4   xor()  3123 MB/s
[   13.044086] raid6: avx2x1   gen()  7815 MB/s
[   13.092071] raid6: avx2x1   xor()  4898 MB/s
[   13.140356] raid6: avx2x2   gen() 10927 MB/s
[   13.188039] raid6: avx2x2   xor()  5971 MB/s
[   13.236638] raid6: avx2x4   gen()  9335 MB/s
[   13.284057] raid6: avx2x4   xor()  7115 MB/s
[   13.285780] raid6: using algorithm avx2x2 gen() 10927 MB/s
[   13.287339] raid6: .... xor() 5971 MB/s, rmw enabled
[   13.289253] raid6: using avx2x2 recovery algorithm
[   13.293580] xor: automatically using best checksumming function   avx       
[   13.301187] async_tx: api initialized (async)
done.
Begin: Running /scripts/init-premount ... done.
Begin: Mounting root file system ... Begin: Running /scripts/local-top ... done.
Begin: Running /scripts/local-premount ... [   13.421005] Btrfs loaded, crc32c=crc32c-intel
Scanning for Btrfs filesystems
done.
Warning: fsck not present, so skipping root file system
[   13.502888] EXT4-fs (sda1): mounted filesystem with ordered data mode. Opts: (null)
done.
Begin: Running /scripts/local-bottom ... done.
Begin: Running /scripts/init-bottom ... done.
[   13.812013] ip_tables: (C) 2000-2006 Netfilter Core Team
[   13.832655] systemd[1]: systemd 237 running in system mode. (+PAM +AUDIT +SELINUX +IMA +APPARMOR +SMACK +SYSVINIT +UTMP +LIBCRYPTSETUP +GCRYPT +GNUTLS +ACL +XZ +LZ4 +SECCOMP +BLKID +ELFUTILS +KMOD -IDN2 +IDN -PCRE2 default-hierarchy=hybrid)
[   13.843110] systemd[1]: Detected virtualization oracle.
[   13.845323] systemd[1]: Detected architecture x86-64.

Welcome to [1mUbuntu 18.04.6 LTS[0m!

[   13.860155] systemd[1]: Set hostname to <ubuntu>.
[   13.866543] systemd[1]: Initializing machine ID from random generator.
[   13.871519] systemd[1]: Installed transient /etc/machine-id file.
[   14.347407] systemd[1]: Created slice System Slice.
[[0;32m  OK  [0m] Created slice System Slice.
[   14.544851] systemd[1]: Listening on udev Control Socket.
[[0;32m  OK  [0m] Listening on udev Control Socket.
[   14.550479] systemd[1]: Listening on Network Service Netlink Socket.
[[0;32m  OK  [0m] Listening on Network Service Netlink Socket.
[   14.556058] systemd[1]: Listening on Journal Socket.
[[0;32m  OK  [0m] Listening on Journal Socket.
[[0;32m  OK  [0m] Listening on fsck to fsckd communication Socket.
         Starting Create list of required st…ce nodes for the current kernel...
[[0;32m  OK  [0m] Reached target Swap.
         Starting Uncomplicated firewall...
[[0;32m  OK  [0m] Listening on Device-mapper event daemon FIFOs.
[[0;32m  OK  [0m] Listening on Journal Audit Socket.
         Mounting POSIX Message Queue File System...
[[0;32m  OK  [0m] Listening on Journal Socket (/dev/log).
         Starting Load Kernel Modules...
[[0;32m  OK  [0m] Set up automount Arbitrary Executab…rmats File System Automount Point.
         Starting Set the console keyboard layout...
         Mounting Huge Pages File System...
[   14.683732] Loading iSCSI transport class v2.0-870.
         Starting File System Check on Root Device...
         Mounting Kernel Debug File System...
[[0;32m  OK  [0m] Listening on /dev/initctl Compatibility Named Pipe.
[[0;32m  OK  [0m] Reached target User and Group Name Lookups.
[[0;32m  OK  [0m] Listening on Syslog Socket.
         Starting Journal Service...
[[0;32m  OK  [0m] Created slice system-serial\x2dgetty.slice.
[[0;32m  OK  [0m] Reached target System Time Synchronized.
[[0;32m  OK  [0m] Listening on LVM2 metadata daemon socket.
[   14.727332] iscsi: registered transport (tcp)
         Starting Monitoring of LVM2 mirrors…ng dmeventd or progress polling...
[[0;32m  OK  [0m] Reached target Mounting snaps.
[[0;32m  OK  [0m] Reached target Mounted snaps.
[[0;32m  OK  [0m] Started Forward Password Requests to Wall Directory Watch.
[[0;32m  OK  [0m] Created slice User and Session Slice.
[[0;32m  OK  [0m] Reached target Slices.
[[0;32m  OK  [0m] Listening on LVM2 poll daemon socket.
[[0;32m  OK  [0m] Listening on udev Kernel Socket.
         Starting udev Coldplug all Devices...
[[0;32m  OK  [0m] Started Create list of required sta…vice nodes for the current kernel.
[[0;32m  OK  [0m] Started Uncomplicated firewall.
[[0;32m  OK  [0m] Mounted POSIX Message Queue File System.
[[0;32m  OK  [0m] Mounted Huge Pages File System.
[[0;32m  OK  [0m] Mounted Kernel Debug File System.
[[0;32m  OK  [0m] Started File System Check Daemon to report status.
         Starting Create Static Device Nodes in /dev...
[[0;32m  OK  [0m] Started LVM2 metadata daemon.
[[0;32m  OK  [0m] Started File System Check on Root Device.
         Starting Remount Root and Kernel File Systems...
[[0;32m  OK  [0m] Started Journal Service.
[[0;32m  OK  [0m] Started Create Static Device Nodes in /dev.
[[0;32m  OK  [0m] Started udev Coldplug all Devices.
[   15.014257] iscsi: registered transport (iser)
[   15.017565] EXT4-fs (sda1): re-mounted. Opts: (null)
[[0;32m  OK  [0m] Started Load Kernel Modules.
[[0;32m  OK  [0m] Started Remount Root and Kernel File Systems.
         Starting udev Kernel Device Manager...
         Starting Flush Journal to Persistent Storage...
         Starting Load/Save Random Seed...
         Mounting Kernel Configuration File System...
         Mounting FUSE Control File System...
         Starting Apply Kernel Variables...
[[0;32m  OK  [0m] Started Monitoring of LVM2 mirrors,…sing dmeventd or progress polling.
[[0;32m  OK  [0m] Mounted Kernel Configuration File System.
[[0;32m  OK  [0m] Mounted FUSE Control File System.
[[0;32m  OK  [0m] Started udev Kernel Device Manager.
[   15.136235] systemd-journald[408]: Received request to flush runtime journal from PID 1
[[0;32m  OK  [0m] Started Load/Save Random Seed.
[[0;32m  OK  [0m] Started Flush Journal to Persistent Storage.
[[0;32m  OK  [0m] Started Apply Kernel Variables.
[[0;32m  OK  [0m] Found device /dev/ttyS0.
[[0;32m  OK  [0m] Listening on Load/Save RF Kill Switch Status /dev/rfkill Watch.
         Mounting Arbitrary Executable File Formats File System...
[[0;32m  OK  [0m] Mounted Arbitrary Executable File Formats File System.
[[0;32m  OK  [0m] Started Set the console keyboard layout.
[[0;32m  OK  [0m] Started Dispatch Password Requests to Console Directory Watch.
[[0;32m  OK  [0m] Reached target Local Encrypted Volumes.
[[0;32m  OK  [0m] Reached target Local File Systems (Pre).
[[0;32m  OK  [0m] Reached target Local File Systems.
         Starting Commit a transient machine-id on disk...
         Starting Set console font and keymap...
         Starting AppArmor initialization...
         Starting ebtables ruleset management...
         Starting Create Volatile Files and Directories...
         Starting Tell Plymouth To Write Out Runtime Data...
[[0;32m  OK  [0m] Started Set console font and keymap.
[[0;32m  OK  [0m] Started Create Volatile Files and Directories.
         Starting Update UTMP about System Boot/Shutdown...
[[0;32m  OK  [0m] Started Tell Plymouth To Write Out Runtime Data.
[[0;32m  OK  [0m] Started Update UTMP about System Boot/Shutdown.
[[0;32m  OK  [0m] Started Commit a transient machine-id on disk.
[[0;32m  OK  [0m] Started ebtables ruleset management.
[[0;32m  OK  [0m] Started AppArmor initialization.
         Starting Load AppArmor profiles managed internally by snapd...
         Starting Initial cloud-init job (pre-networking)...
[[0;32m  OK  [0m] Started Load AppArmor profiles managed internally by snapd.
[   22.419399] cloud-init[625]: Cloud-init v. 22.4.2-0ubuntu0~18.04.1 running 'init-local' at Tue, 14 Mar 2023 12:39:01 +0000. Up 21.36 seconds.
[[0;32m  OK  [0m] Started Initial cloud-init job (pre-networking).
[[0;32m  OK  [0m] Reached target Network (Pre).
         Starting Network Service...
[[0;32m  OK  [0m] Started Network Service.
         Starting Wait for Network to be Configured...
         Starting Network Name Resolution...
[[0;32m  OK  [0m] Started Network Name Resolution.
[[0;32m  OK  [0m] Reached target Network.
[[0;32m  OK  [0m] Reached target Host and Network Name Lookups.
[[0;32m  OK  [0m] Started Wait for Network to be Configured.
         Starting Initial cloud-init job (metadata service crawler)...
[   25.875553] cloud-init[735]: Cloud-init v. 22.4.2-0ubuntu0~18.04.1 running 'init' at Tue, 14 Mar 2023 12:39:05 +0000. Up 25.38 seconds.
[   25.878683] cloud-init[735]: ci-info: ++++++++++++++++++++++++++++++++++++++Net device info+++++++++++++++++++++++++++++++++++++++
[   25.881927] cloud-init[735]: ci-info: +--------+-------+----------------------------+---------------+--------+-------------------+
[   25.885004] cloud-init[735]: ci-info: | Device |   Up  |          Address           |      Mask     | Scope  |     Hw-Address    |
[   25.896469] cloud-init[735]: ci-info: +--------+-------+----------------------------+---------------+--------+-------------------+
[   25.900394] cloud-init[735]: ci-info: | enp0s3 |  True |         10.0.2.15          | 255.255.255.0 | global | 02:df:c2:d4:51:e3 |
[   25.902988] cloud-init[735]: ci-info: | enp0s3 |  True | fe80::df:c2ff:fed4:51e3/64 |       .       |  link  | 02:df:c2:d4:51:e3 |
[   25.905866] cloud-init[735]: ci-info: | enp0s8 | False |             .              |       .       |   .    | 08:00:27:6e:80:16 |
[   25.908832] cloud-init[735]: ci-info: | enp0s9 | False |             .              |       .       |   .    | 08:00:27:f5:c1:85 |
[   25.912436] cloud-init[735]: ci-info: |   lo   |  True |         127.0.0.1          |   255.0.0.0   |  host  |         .         |
[   25.915658] cloud-init[735]: ci-info: |   lo   |  True |          ::1/128           |       .       |  host  |         .         |
[   25.919207] cloud-init[735]: ci-info: +--------+-------+----------------------------+---------------+--------+-------------------+
[   25.923900] cloud-init[735]: ci-info: ++++++++++++++++++++++++++++Route IPv4 info+++++++++++++++++++++++++++++
[   25.927659] cloud-init[735]: ci-info: +-------+-------------+----------+-----------------+-----------+-------+
[   25.930464] cloud-init[735]: ci-info: | Route | Destination | Gateway  |     Genmask     | Interface | Flags |
[   25.944673] cloud-init[735]: ci-info: +-------+-------------+----------+-----------------+-----------+-------+
[   25.960354] cloud-init[735]: ci-info: |   0   |   0.0.0.0   | 10.0.2.2 |     0.0.0.0     |   enp0s3  |   UG  |
[   25.964433] cloud-init[735]: ci-info: |   1   |   10.0.2.0  | 0.0.0.0  |  255.255.255.0  |   enp0s3  |   U   |
[   25.966872] cloud-init[735]: ci-info: |   2   |   10.0.2.2  | 0.0.0.0  | 255.255.255.255 |   enp0s3  |   UH  |
[   25.969993] cloud-init[735]: ci-info: +-------+-------------+----------+-----------------+-----------+-------+
[   25.974060] cloud-init[735]: ci-info: +++++++++++++++++++Route IPv6 info+++++++++++++++++++
[   25.976654] cloud-init[735]: ci-info: +-------+-------------+---------+-----------+-------+
[   25.977870] cloud-init[735]: ci-info: | Route | Destination | Gateway | Interface | Flags |
[   25.979107] cloud-init[735]: ci-info: +-------+-------------+---------+-----------+-------+
[   25.981418] cloud-init[735]: ci-info: |   1   |  fe80::/64  |    ::   |   enp0s3  |   U   |
[   25.984499] cloud-init[735]: ci-info: |   3   |    local    |    ::   |   enp0s3  |   U   |
[   25.987207] cloud-init[735]: ci-info: |   4   |   ff00::/8  |    ::   |   enp0s3  |   U   |
[   25.989949] cloud-init[735]: ci-info: +-------+-------------+---------+-----------+-------+
[   28.177375] cloud-init[735]: Generating public/private rsa key pair.
[   28.182219] cloud-init[735]: Your identification has been saved in /etc/ssh/ssh_host_rsa_key.
[   28.183788] cloud-init[735]: Your public key has been saved in /etc/ssh/ssh_host_rsa_key.pub.
[   28.184959] cloud-init[735]: The key fingerprint is:
[   28.185748] cloud-init[735]: SHA256:wWEZ0CC6nEMLy5FRC5xKWZevhs1rdOt1ZyORyyQVoMM root@ubuntu-bionic
[   28.187711] cloud-init[735]: The key's randomart image is:
[   28.189734] cloud-init[735]: +---[RSA 2048]----+
[   28.190875] cloud-init[735]: |.o=o..++++..     |
[   28.200634] cloud-init[735]: | =+.oo.o+.  .    |
[   28.212394] cloud-init[735]: |+oo.  .Eo  .     |
[   28.213318] cloud-init[735]: |o=.+   .... .    |
[   28.214172] cloud-init[735]: |..* + . S. +     |
[   28.215007] cloud-init[735]: |   o * .  + o    |
[   28.215728] cloud-init[735]: |    o o .. = +   |
[   28.216591] cloud-init[735]: |     o .. . + .  |
[   28.219898] cloud-init[735]: |    . ..         |
[   28.221677] cloud-init[735]: +----[SHA256]-----+
[   28.232456] cloud-init[735]: Generating public/private dsa key pair.
[   28.234419] cloud-init[735]: Your identification has been saved in /etc/ssh/ssh_host_dsa_key.
[   28.237000] cloud-init[735]: Your public key has been saved in /etc/ssh/ssh_host_dsa_key.pub.
[   28.239332] cloud-init[735]: The key fingerprint is:
[   28.240154] cloud-init[735]: SHA256:yqnnTPGTFjABWkttHiPV9bCP2blnsFa6COuUtfkn4fc root@ubuntu-bionic
[   28.252374] cloud-init[735]: The key's randomart image is:
[   28.254564] cloud-init[735]: +---[DSA 1024]----+
[   28.256488] cloud-init[735]: |    ++o. .o      |
[   28.258350] cloud-init[735]: |   +..=..  +     |
[   28.259852] cloud-init[735]: |  . .+oo  . .    |
[   28.260789] cloud-init[735]: |      .o   = .   |
[   28.262085] cloud-init[735]: |      . S + = .  |
[   28.263638] cloud-init[735]: |     . = = o.*   |
[   28.265627] cloud-init[735]: |      = O o.=.o  |
[   28.266884] cloud-init[735]: |     +.o + +o+o  |
[   28.276612] cloud-init[735]: |    .oo.o . o+ .E|
[   28.278335] cloud-init[735]: +----[SHA256]-----+
[   28.279666] cloud-init[735]: Generating public/private ecdsa key pair.
[   28.281071] cloud-init[735]: Your identification has been saved in /etc/ssh/ssh_host_ecdsa_key.
[   28.282124] cloud-init[735]: Your public key has been saved in /etc/ssh/ssh_host_ecdsa_key.pub.
[   28.292657] cloud-init[735]: The key fingerprint is:
[   28.294695] cloud-init[735]: SHA256:VG4Lra7e6KobqkShWsMOCTSOK5tUZS6AtnoAVCMbA3A root@ubuntu-bionic
[   28.297929] cloud-init[735]: The key's randomart image is:
[   28.300216] cloud-init[735]: +---[ECDSA 256]---+
[   28.301785] cloud-init[735]: |BOEo o    .      |
[   28.303180] cloud-init[735]: |*oB =    +       |
[   28.304485] cloud-init[735]: |=+.o .  o +      |
[   28.316431] cloud-init[735]: |+=o .  . + .     |
[   28.319963] cloud-init[735]: |B++     S .      |
[   28.322888] cloud-init[735]: |**..   .         |
[   28.325634] cloud-init[735]: |+oo     .        |
[   28.327714] cloud-init[735]: |.. .   +         |
[   28.329942] cloud-init[735]: |+ oo.+= .        |
[   28.331342] cloud-init[735]: +----[SHA256]-----+
[   28.332645] cloud-init[735]: Generating public/private ed25519 key pair.
[   28.334979] cloud-init[735]: Your identification has been saved in /etc/ssh/ssh_host_ed25519_key.
[   28.339508] cloud-init[735]: Your public key has been saved in /etc/ssh/ssh_host_ed25519_key.pub.
[   28.343899] cloud-init[735]: The key fingerprint is:[[0;32m  OK  [0m] Started Initial cloud-init job (metadata service crawler).
[[0;32m  OK  [0m] Reached target Cloud-config availability.
[[0;32m  OK  [0m] Reached target Network is Online.
[[0;32m  OK  [0m] Reached target Remote File Systems (Pre).
[[0;32m  OK  [0m] Reached target Remote File Systems.
         Starting Availability of block devices...
[[0;32m  OK  [0m] Reached target System Initialization.
[[0;32m  OK  [0m] Listening on ACPID Listen Socket.
         Starting Socket activation for snappy daemon.
[[0;32m  OK  [0m] Started Message of the Day.

         Starting LXD - unix socket.
[   28.376017] [[0;32m  OK  [0m] Listening on UUID daemon activation socket.
[[0;32m  OK  [0m] Listening on cloud-init hotplug hook socket.
cloud-init[735]: SHA256:GUirEHd4yGohWGbUt/QuTpbgQdsv4sCkM+7KnRnSI1k root@ubuntu-bionic
[[0;32m  OK  [0m] Started ACPI Events Check.
[[0;32m  OK  [0m] Listening on D-Bus System Message Bus Socket.
[[0;32m  OK  [0m] Started Daily apt download activities.
[[0;32m  OK  [0m] Listening on Open-iSCSI iscsid Socket.
[[0;32m  OK  [0m] Started Discard unused blocks once a week.
[[0;32m  OK  [0m] Started Ubuntu Advantage Timer for running repeated jobs.
[[0;32m  OK  [0m] Started Daily Cleanup of Temporary Directories.
[[0;32m  OK  [0m] Reached target Paths.
[[0;32m  OK  [0m] Started Daily apt upgrade and clean activities.
[[0;32m  OK  [0m] Reached target Timers.
[   28.385515] cloud-init[735]: The key's randomart image is:
[[0;32m  OK  [0m] Started Availability of block devices.
[[0;32m  OK  [0m] Listening on Socket activation for snappy daemon.
[   28.408547] cloud-init[735]: +--[ED25519 256]--+
[   28.409730] cloud-init[735]: |.o*o.oo          |
[[0;32m  OK  [0m] Listening on LXD - unix socket.
[   28.413168] [[0;32m  OK  [0m] Reached target Sockets.
[[0;32m  OK  [0m] Reached target Basic System.
cloud-init[735]: |oo.o*o+o         |
         Starting LXD - container startup/shutdown...
[   28.419662] cloud-init[735]: | ..+ *oo.        |
[   28.420824] cloud-init[[0;32m  OK  [0m] Started D-Bus System Message Bus.
[735]: |  +.+.o .o       |
[   28.426366] cloud-init[735]: | = E.o +S        |
[   28.429084] cloud-init[735]: |+ * o * o        |
[   28.432830] cloud-init[735]: |.* * = o         |
[   28.436592] cloud-init[735]: |..+ * .          |
[   28.441149] cloud-init[735]: |+o +             |
[   28.443320] cloud-init[735]: +----[SHA256]-----+
[[0;32m  OK  [0m] Reached target Login Prompts (Pre).
[[0;32m  OK  [0m] Started Deferred execution scheduler.
         Starting Login Service...
         Starting Dispatcher daemon for systemd-networkd...
         Starting Accounts Service...
         Starting Pollinate to seed the pseudo random number generator...
         Starting System Logging Service...
         Starting LSB: automatic crash report generation...
[[0;32m  OK  [0m] Started irqbalance daemon.
[[0;32m  OK  [0m] Started Regular background program processing daemon.
         Starting LSB: Record successful boot for GRUB...
         Starting Permit User Sessions...
         Starting Snap Daemon...
         Starting Virtualbox guest utils...
[[0;32m  OK  [0m] Started FUSE filesystem for LXC.
[[0;32m  OK  [0m] Started System Logging Service.
[[0;32m  OK  [0m] Started LXD - container startup/shutdown.
[[0;32m  OK  [0m] Started Permit User Sessions.
[[0;32m  OK  [0m] Started Login Service.
         Starting Authorization Manager...
[[0;32m  OK  [0m] Started Unattended Upgrades Shutdown.
         Starting Terminate Plymouth Boot Screen...
         Starting Hold until boot process finishes up...
[[0;32m  OK  [0m] Started Hold until boot process finishes up.
[[0;32m  OK  [0m] Started Terminate Plymouth Boot Screen.
         Starting Set console scheme...
[[0;32m  OK  [0m] Started Serial Getty on ttyS0.
[[0;32m  OK  [0m] Started LSB: automatic crash report generation.
[[0;32m  OK  [0m] Started Set console scheme.
[[0;32m  OK  [0m] Created slice system-getty.slice.
[[0;32m  OK  [0m] Started Getty on tty1.
[[0;32m  OK  [0m] Reached target Login Prompts.
[[0;32m  OK  [0m] Started Authorization Manager.
[[0;32m  OK  [0m] Started Accounts Service.
[[0;32m  OK  [0m] Started LSB: Record successful boot for GRUB.
[[0;32m  OK  [0m] Started Virtualbox guest utils.
[[0;32m  OK  [0m] Started Dispatcher daemon for systemd-networkd.
[[0;32m  OK  [0m] Started Snap Daemon.
         Starting Wait until snapd is fully seeded...
[[0;32m  OK  [0m] Started Pollinate to seed the pseudo random number generator.
         Starting OpenBSD Secure Shell server...
[[0;32m  OK  [0m] Started OpenBSD Secure Shell server.
[[0;32m  OK  [0m] Created slice User Slice of vagrant.
         Starting User Manager for UID 1000...
[[0;32m  OK  [0m] Started Session 1 of user vagrant.
         Starting Time & Date Service...
[[0;32m  OK  [0m] Started User Manager for UID 1000.
[[0;32m  OK  [0m] Started Time & Date Service.
[[0;32m  OK  [0m] Started Wait until snapd is fully seeded.
         Starting Apply the settings specified in cloud-config...

Ubuntu 18.04.6 LTS ubuntu-bionic ttyS0

ubuntu-bionic login: [   37.864168] cloud-init[1188]: Cloud-init v. 22.4.2-0ubuntu0~18.04.1 running 'modules:config' at Tue, 14 Mar 2023 12:39:15 +0000. Up 35.67 seconds.
ci-info: no authorized SSH keys fingerprints found for user ubuntu.
<14>Mar 14 12:39:19 cloud-init: #############################################################
<14>Mar 14 12:39:19 cloud-init: -----BEGIN SSH HOST KEY FINGERPRINTS-----
<14>Mar 14 12:39:19 cloud-init: 1024 SHA256:yqnnTPGTFjABWkttHiPV9bCP2blnsFa6COuUtfkn4fc root@ubuntu-bionic (DSA)
<14>Mar 14 12:39:19 cloud-init: 256 SHA256:VG4Lra7e6KobqkShWsMOCTSOK5tUZS6AtnoAVCMbA3A root@ubuntu-bionic (ECDSA)
<14>Mar 14 12:39:19 cloud-init: 256 SHA256:GUirEHd4yGohWGbUt/QuTpbgQdsv4sCkM+7KnRnSI1k root@ubuntu-bionic (ED25519)
<14>Mar 14 12:39:19 cloud-init: 2048 SHA256:wWEZ0CC6nEMLy5FRC5xKWZevhs1rdOt1ZyORyyQVoMM root@ubuntu-bionic (RSA)
<14>Mar 14 12:39:19 cloud-init: -----END SSH HOST KEY FINGERPRINTS-----
<14>Mar 14 12:39:19 cloud-init: #############################################################
-----BEGIN SSH HOST KEY KEYS-----
ecdsa-sha2-nistp256 AAAAE2VjZHNhLXNoYTItbmlzdHAyNTYAAAAIbmlzdHAyNTYAAABBBBsN/hJgsytgjQfCZjnKcMwTw5/J6y64yzr7VnHd0D913bodU6pkVpl4Jj5rzn1PfCaRCOsfLj8NZtVJcml/vkY= root@ubuntu-bionic
ssh-ed25519 AAAAC3NzaC1lZDI1NTE5AAAAIJGH6S3UqwXvKudhPKoKXSh9oSekVCgsWccNRMAm7+hs root@ubuntu-bionic
ssh-rsa AAAAB3NzaC1yc2EAAAADAQABAAABAQCsVqLYzLRDxYKHSCFXco/mdfEATKlhEHlkt49LBxEU+vHRErVE6eLlqTULo1F/W7aROKPMAGis3nIkYwjN6yyQMfqEfSmfYkSlBpQ6qF8CpGl7N872S/zlA5dtWeS56MgW74FnAjaylHfP8S5peezQbSNGAoczKuXAAHOKRyEC4wxyC9RxIg2Gqv41NGNI8OZhELZdPEFE99p6k4Lj2tUY/exEr3zCPx77+MHBktfT0x3L85sJCHHe4DfWWEEKe3oOWi3biSgZoUEk31tM8zy7wWZ7vJOvNATRypG4zgJd2l/yfymn5FZE3HY0OQlF1f1Y0S4YAnxUwMBv9yYcsy9J root@ubuntu-bionic
-----END SSH HOST KEY KEYS-----
[   40.080237] cloud-init[1339]: Cloud-init v. 22.4.2-0ubuntu0~18.04.1 running 'modules:final' at Tue, 14 Mar 2023 12:39:19 +0000. Up 39.51 seconds.
[   40.080728] cloud-init[1339]: Cloud-init v. 22.4.2-0ubuntu0~18.04.1 finished at Tue, 14 Mar 2023 12:39:19 +0000. Datasource DataSourceNoCloud [seed=/dev/sdb][dsmode=net].  Up 40.06 seconds
[[0;32m  OK  [0m] Stopped target Timers.
[[0;32m  OK  [0m] Stopped Daily apt upgrade and clean activities.
[[0;32m  OK  [0m] Stopped Ubuntu Advantage Timer for running repeated jobs.
[[0;32m  OK  [0m] Stopped Discard unused blocks once a week.
         Stopping Availability of block devices...
[[0;32m  OK  [0m] Stopped Message of the Day.
[[0;32m  OK  [0m] Stopped Clean PHP session files every 30 mins.
[[0;32m  OK  [0m] Stopped target Graphical Interface.
         Stopping Accounts Service...
[[0;32m  OK  [0m] Stopped target Cloud-init target.
[[0;32m  OK  [0m] Stopped Execute cloud user/final scripts.
[[0;32m  OK  [0m] Stopped Daily apt download activities.
[[0;32m  OK  [0m] Stopped target System Time Synchronized.
         Stopping Session 9 of user vagrant.
         Stopping User Manager for UID 1000...
[[0;32m  OK  [0m] Stopped target Multi-User System.
         Stopping Dispatcher daemon for systemd-networkd...
         Stopping FUSE filesystem for LXC...
         Stopping Deferred execution scheduler...
         Stopping irqbalance daemon...
[[0;32m  OK  [0m] Stopped target Login Prompts.
         Stopping Getty on tty1...
         Stopping MySQL Community Server...
         Stopping LXD - container startup/shutdown...
         Stopping LSB: automatic crash report generation...
         Stopping System Logging Service...
         Stopping Regular background program processing daemon...
         Stopping OpenBSD Secure Shell server...
[[0;32m  OK  [0m] Stopped Apply the settings specified in cloud-config.
[[0;32m  OK  [0m] Stopped Wait until snapd is fully seeded.
[[0;32m  OK  [0m] Stopped target Cloud-config availability.
         Stopping Serial Getty on ttyS0...
[[0;32m  OK  [0m] Closed Load/Save RF Kill Switch Status /dev/rfkill Watch.
         Stopping D-Bus System Message Bus...
         Stopping The Apache HTTP Server...
         Stopping Authorization Manager...
         Stopping Virtualbox guest utils...
[[0;32m  OK  [0m] Stopped Daily Cleanup of Temporary Directories.
         Stopping LSB: Record successful boot for GRUB...
[[0;32m  OK  [0m] Unmounted /var/lib/lxcfs.
[[0;32m  OK  [0m] Stopped Deferred execution scheduler.
[[0;32m  OK  [0m] Stopped Dispatcher daemon for systemd-networkd.
[[0;32m  OK  [0m] Stopped Accounts Service.
[[0;32m  OK  [0m] Stopped irqbalance daemon.
[[0;32m  OK  [0m] Stopped Regular background program processing daemon.
[[0;32m  OK  [0m] Stopped Serial Getty on ttyS0.
[[0;32m  OK  [0m] Stopped Getty on tty1.
[[0;32m  OK  [0m] Stopped Authorization Manager.
[[0;32m  OK  [0m] Stopped System Logging Service.
[[0;32m  OK  [0m] Stopped OpenBSD Secure Shell server.
[[0;32m  OK  [0m] Stopped User Manager for UID 1000.
[[0;32m  OK  [0m] Stopped D-Bus System Message Bus.
[[0;32m  OK  [0m] Stopped FUSE filesystem for LXC.
[[0;32m  OK  [0m] Stopped Session 9 of user vagrant.
[[0;32m  OK  [0m] Stopped Availability of block devices.
[[0;32m  OK  [0m] Stopped LXD - container startup/shutdown.
[[0;32m  OK  [0m] Removed slice User Slice of vagrant.
         Stopping Login Service...
[[0;32m  OK  [0m] Removed slice system-getty.slice.
[[0;32m  OK  [0m] Removed slice system-serial\x2dgetty.slice.
         Stopping Permit User Sessions...
[[0;32m  OK  [0m] Stopped target Login Prompts (Pre).
[[0;32m  OK  [0m] Stopped LSB: Record successful boot for GRUB.
[[0;32m  OK  [0m] Stopped Login Service.
[[0;32m  OK  [0m] Stopped LSB: automatic crash report generation.
[[0;32m  OK  [0m] Stopped Permit User Sessions.
[[0;32m  OK  [0m] Stopped target User and Group Name Lookups.
[[0;32m  OK  [0m] Stopped Virtualbox guest utils.
[[0;32m  OK  [0m] Stopped The Apache HTTP Server.
[[0;32m  OK  [0m] Stopped target Host and Network Name Lookups.
[[0;32m  OK  [0m] Stopped target Remote File Systems.
         Unmounting /vagrant...
[[0;32m  OK  [0m] Unmounted /vagrant.
[[0;32m  OK  [0m] Stopped target Network is Online.
[[0;32m  OK  [0m] Stopped target Remote File Systems (Pre).
[[0;32m  OK  [0m] Stopped MySQL Community Server.
[[0;32m  OK  [0m] Stopped target Basic System.
[[0;32m  OK  [0m] Stopped target Paths.
[[0;32m  OK  [0m] Stopped ACPI Events Check.
[[0;32m  OK  [0m] Stopped target Slices.
[[0;32m  OK  [0m] Removed slice User and Session Slice.
[[0;32m  OK  [0m] Stopped target Sockets.
[[0;32m  OK  [0m] Closed Open-iSCSI iscsid Socket.
[[0;32m  OK  [0m] Closed cloud-init hotplug hook socket.
[[0;32m  OK  [0m] Closed LXD - unix socket.
[[0;32m  OK  [0m] Closed ACPID Listen Socket.
[[0;32m  OK  [0m] Closed UUID daemon activation socket.
[[0;32m  OK  [0m] Closed Socket activation for snappy daemon.
[[0;32m  OK  [0m] Closed D-Bus System Message Bus Socket.
[[0;32m  OK  [0m] Closed Syslog Socket.
[[0;32m  OK  [0m] Stopped target Network.
         Stopping Network Name Resolution...
[[0;32m  OK  [0m] Stopped target System Initialization.
[[0;32m  OK  [0m] Stopped Commit a transient machine-id on disk.
[[0;32m  OK  [0m] Stopped Initial cloud-init job (metadata service crawler).
[[0;32m  OK  [0m] Stopped target Local Encrypted Volumes.
[[0;32m  OK  [0m] Stopped Dispatch Password Requests to Console Directory Watch.
[[0;32m  OK  [0m] Stopped Forward Password Requests to Wall Directory Watch.
         Stopping Update UTMP about System Boot/Shutdown...
         Stopping Load/Save Random Seed...
[[0;32m  OK  [0m] Stopped Network Name Resolution.
         Stopping Network Service...
[[0;32m  OK  [0m] Stopped Update UTMP about System Boot/Shutdown.
[[0;32m  OK  [0m] Stopped Create Volatile Files and Directories.
[[0;32m  OK  [0m] Stopped target Local File Systems.
[[0;32m  OK  [0m] Stopped target Mounted snaps.
[[0;32m  OK  [0m] Stopped target Mounting snaps.
         Unmounting /run/user/1000...
[[0;32m  OK  [0m] Stopped Load/Save Random Seed.
[[0;32m  OK  [0m] Unmounted /run/user/1000.
[[0;32m  OK  [0m] Reached target Unmount All Filesystems.
[[0;32m  OK  [0m] Stopped target Local File Systems (Pre).
[[0;32m  OK  [0m] Stopped Create Static Device Nodes in /dev.
         Stopping Monitoring of LVM2 mirrors…ng dmeventd or progress polling...
[[0;32m  OK  [0m] Stopped target Swap.
[[0;32m  OK  [0m] Stopped Network Service.
[[0;32m  OK  [0m] Stopped target Network (Pre).
[[0;32m  OK  [0m] Stopped Initial cloud-init job (pre-networking).
[[0;32m  OK  [0m] Stopped Remount Root and Kernel File Systems.
[[0;32m  OK  [0m] Stopped Apply Kernel Variables.
[[0;32m  OK  [0m] Stopped Load Kernel Modules.
[[0;32m  OK  [0m] Reached target Shutdown.
[[0;32m  OK  [0m] Reached target Final Step.
         Starting Power-Off...
[ 2541.306464] reboot: Power down
