[    0.000000] Linux version 4.15.0-206-generic (buildd@lcy02-amd64-070) (gcc version 7.5.0 (Ubuntu 7.5.0-3ubuntu1~18.04)) #217-Ubuntu SMP Fri Feb 3 19:10:13 UTC 2023 (Ubuntu 4.15.0-206.217-generic 4.15.18)
[    0.000000] Command line: BOOT_IMAGE=/boot/vmlinuz-4.15.0-206-generic root=LABEL=cloudimg-rootfs ro console=tty1 console=ttyS0
[    0.000000] KERNEL supported cpus:
[    0.000000]   Intel GenuineIntel
[    0.000000]   AMD AuthenticAMD
[    0.000000]   Centaur CentaurHauls
[    0.000000] x86/fpu: Supporting XSAVE feature 0x001: 'x87 floating point registers'
[    0.000000] x86/fpu: Supporting XSAVE feature 0x002: 'SSE registers'
[    0.000000] x86/fpu: Supporting XSAVE feature 0x004: 'AVX registers'
[    0.000000] x86/fpu: xstate_offset[2]:  576, xstate_sizes[2]:  256
[    0.000000] x86/fpu: Enabled xstate features 0x7, context size is 832 bytes, using 'standard' format.
[    0.000000] e820: BIOS-provided physical RAM map:
[    0.000000] BIOS-e820: [mem 0x0000000000000000-0x000000000009fbff] usable
[    0.000000] BIOS-e820: [mem 0x000000000009fc00-0x000000000009ffff] reserved
[    0.000000] BIOS-e820: [mem 0x00000000000f0000-0x00000000000fffff] reserved
[    0.000000] BIOS-e820: [mem 0x0000000000100000-0x000000003ffeffff] usable
[    0.000000] BIOS-e820: [mem 0x000000003fff0000-0x000000003fffffff] ACPI data
[    0.000000] BIOS-e820: [mem 0x00000000fec00000-0x00000000fec00fff] reserved
[    0.000000] BIOS-e820: [mem 0x00000000fee00000-0x00000000fee00fff] reserved
[    0.000000] BIOS-e820: [mem 0x00000000fffc0000-0x00000000ffffffff] reserved
[    0.000000] NX (Execute Disable) protection: active
[    0.000000] SMBIOS 2.5 present.
[    0.000000] DMI: innotek GmbH VirtualBox/VirtualBox, BIOS VirtualBox 12/01/2006
[    0.000000] Hypervisor detected: KVM
[    0.000000] e820: last_pfn = 0x3fff0 max_arch_pfn = 0x400000000
[    0.000000] MTRR: Disabled
[    0.000000] x86/PAT: MTRRs disabled, skipping PAT initialization too.
[    0.000000] CPU MTRRs all blank - virtualized system.
[    0.000000] x86/PAT: Configuration [0-7]: WB  WT  UC- UC  WB  WT  UC- UC  
[    0.000000] found SMP MP-table at [mem 0x0009fff0-0x0009ffff]
[    0.000000] Scanning 1 areas for low memory corruption
[    0.000000] RAMDISK: [mem 0x359c9000-0x36cdbfff]
[    0.000000] ACPI: Early table checksum verification disabled
[    0.000000] ACPI: RSDP 0x00000000000E0000 000024 (v02 VBOX  )
[    0.000000] ACPI: XSDT 0x000000003FFF0030 00003C (v01 VBOX   VBOXXSDT 00000001 ASL  00000061)
[    0.000000] ACPI: FACP 0x000000003FFF00F0 0000F4 (v04 VBOX   VBOXFACP 00000001 ASL  00000061)
[    0.000000] ACPI: DSDT 0x000000003FFF0610 002353 (v02 VBOX   VBOXBIOS 00000002 INTL 20100528)
[    0.000000] ACPI: FACS 0x000000003FFF0200 000040
[    0.000000] ACPI: FACS 0x000000003FFF0200 000040
[    0.000000] ACPI: APIC 0x000000003FFF0240 00005C (v02 VBOX   VBOXAPIC 00000001 ASL  00000061)
[    0.000000] ACPI: SSDT 0x000000003FFF02A0 00036C (v01 VBOX   VBOXCPUT 00000002 INTL 20100528)
[    0.000000] ACPI: Reserving FACP table memory at [mem 0x3fff00f0-0x3fff01e3]
[    0.000000] ACPI: Reserving DSDT table memory at [mem 0x3fff0610-0x3fff2962]
[    0.000000] ACPI: Reserving FACS table memory at [mem 0x3fff0200-0x3fff023f]
[    0.000000] ACPI: Reserving FACS table memory at [mem 0x3fff0200-0x3fff023f]
[    0.000000] ACPI: Reserving APIC table memory at [mem 0x3fff0240-0x3fff029b]
[    0.000000] ACPI: Reserving SSDT table memory at [mem 0x3fff02a0-0x3fff060b]
[    0.000000] No NUMA configuration found
[    0.000000] Faking a node at [mem 0x0000000000000000-0x000000003ffeffff]
[    0.000000] NODE_DATA(0) allocated [mem 0x3ffc5000-0x3ffeffff]
[    0.000000] kvm-clock: cpu 0, msr 0:3ff44001, primary cpu clock
[    0.000000] kvm-clock: Using msrs 4b564d01 and 4b564d00
[    0.000000] kvm-clock: using sched offset of 3275648928 cycles
[    0.000000] clocksource: kvm-clock: mask: 0xffffffffffffffff max_cycles: 0x1cd42e4dffb, max_idle_ns: 881590591483 ns
[    0.000000] Zone ranges:
[    0.000000]   DMA      [mem 0x0000000000001000-0x0000000000ffffff]
[    0.000000]   DMA32    [mem 0x0000000001000000-0x000000003ffeffff]
[    0.000000]   Normal   empty
[    0.000000]   Device   empty
[    0.000000] Movable zone start for each node
[    0.000000] Early memory node ranges
[    0.000000]   node   0: [mem 0x0000000000001000-0x000000000009efff]
[    0.000000]   node   0: [mem 0x0000000000100000-0x000000003ffeffff]
[    0.000000] Reserved but unavailable: 104 pages
[    0.000000] Initmem setup node 0 [mem 0x0000000000001000-0x000000003ffeffff]
[    0.000000] ACPI: PM-Timer IO Port: 0x4008
[    0.000000] IOAPIC[0]: apic_id 2, version 32, address 0xfec00000, GSI 0-23
[    0.000000] ACPI: INT_SRC_OVR (bus 0 bus_irq 0 global_irq 2 dfl dfl)
[    0.000000] ACPI: INT_SRC_OVR (bus 0 bus_irq 9 global_irq 9 low level)
[    0.000000] Using ACPI (MADT) for SMP configuration information
[    0.000000] smpboot: Allowing 2 CPUs, 0 hotplug CPUs
[    0.000000] PM: Registered nosave memory: [mem 0x00000000-0x00000fff]
[    0.000000] PM: Registered nosave memory: [mem 0x0009f000-0x0009ffff]
[    0.000000] PM: Registered nosave memory: [mem 0x000a0000-0x000effff]
[    0.000000] PM: Registered nosave memory: [mem 0x000f0000-0x000fffff]
[    0.000000] e820: [mem 0x40000000-0xfebfffff] available for PCI devices
[    0.000000] Booting paravirtualized kernel on KVM
[    0.000000] clocksource: refined-jiffies: mask: 0xffffffff max_cycles: 0xffffffff, max_idle_ns: 7645519600211568 ns
[    0.000000] setup_percpu: NR_CPUS:8192 nr_cpumask_bits:2 nr_cpu_ids:2 nr_node_ids:1
[    0.000000] percpu: Embedded 50 pages/cpu s167936 r8192 d28672 u1048576
[    0.000000] PV qspinlock hash table entries: 256 (order: 0, 4096 bytes)
[    0.000000] Built 1 zonelists, mobility grouping on.  Total pages: 257913
[    0.000000] Policy zone: DMA32
[    0.000000] Kernel command line: BOOT_IMAGE=/boot/vmlinuz-4.15.0-206-generic root=LABEL=cloudimg-rootfs ro console=tty1 console=ttyS0
[    0.000000] Memory: 982640K/1048120K available (12300K kernel code, 2477K rwdata, 4324K rodata, 2480K init, 2720K bss, 65480K reserved, 0K cma-reserved)
[    0.000000] SLUB: HWalign=64, Order=0-3, MinObjects=0, CPUs=2, Nodes=1
[    0.000000] ftrace: allocating 39485 entries in 155 pages
[    0.004000] Hierarchical RCU implementation.
[    0.004000] 	RCU restricting CPUs from NR_CPUS=8192 to nr_cpu_ids=2.
[    0.004000] 	Tasks RCU enabled.
[    0.004000] RCU: Adjusting geometry for rcu_fanout_leaf=16, nr_cpu_ids=2
[    0.004000] NR_IRQS: 524544, nr_irqs: 440, preallocated irqs: 16
[    0.004000] random: crng init done
[    0.004000] Console: colour VGA+ 80x25
[    0.004000] console [tty1] enabled
[    0.004000] console [ttyS0] enabled
[    0.004000] ACPI: Core revision 20170831
[    0.004000] ACPI: 2 ACPI AML tables successfully acquired and loaded
[    0.004000] APIC: Switch to symmetric I/O mode setup
[    0.004000] x2apic enabled
[    0.004000] Switched APIC routing to physical x2apic.
[    0.004000] ..TIMER: vector=0x30 apic1=0 pin1=2 apic2=-1 pin2=-1
[    0.004000] tsc: Detected 1382.402 MHz processor
[    0.004000] Calibrating delay loop (skipped) preset value.. 2764.80 BogoMIPS (lpj=5529608)
[    0.004004] pid_max: default: 32768 minimum: 301
[    0.004599] Security Framework initialized
[    0.005100] Yama: becoming mindful.
[    0.005551] AppArmor: AppArmor initialized
[    0.008005] Dentry cache hash table entries: 131072 (order: 8, 1048576 bytes)
[    0.008853] Inode-cache hash table entries: 65536 (order: 7, 524288 bytes)
[    0.012008] Mount-cache hash table entries: 2048 (order: 2, 16384 bytes)
[    0.012780] Mountpoint-cache hash table entries: 2048 (order: 2, 16384 bytes)
[    0.013847] Last level iTLB entries: 4KB 0, 2MB 0, 4MB 0
[    0.014503] Last level dTLB entries: 4KB 0, 2MB 0, 4MB 0, 1GB 0
[    0.015193] Spectre V1 : Mitigation: usercopy/swapgs barriers and __user pointer sanitization
[    0.016002] Spectre V2 : Mitigation: Retpolines
[    0.016579] Spectre V2 : Spectre v2 / SpectreRSB mitigation: Filling RSB on context switch
[    0.017551] Spectre V2 : Spectre v2 / SpectreRSB : Filling RSB on VMEXIT
[    0.018369] Speculative Store Bypass: Vulnerable
[    0.019071] Freeing SMP alternatives memory: 36K
[    0.129630] smpboot: CPU0: 11th Gen Intel(R) Core(TM) i5-1135G7 @ 2.40GHz (family: 0x6, model: 0x8c, stepping: 0x1)
[    0.132173] Performance Events: unsupported p6 CPU model 140 no PMU driver, software events only.
[    0.136070] Hierarchical SRCU implementation.
[    0.138582] NMI watchdog: Perf event create on CPU 0 failed with -2
[    0.139985] NMI watchdog: Perf NMI watchdog permanently disabled
[    0.140064] smp: Bringing up secondary CPUs ...
[    0.141239] x86: Booting SMP configuration:
[    0.142198] .... node  #0, CPUs:      #1
[    0.004000] kvm-clock: cpu 1, msr 0:3ff44041, secondary cpu clock
[    0.148038] smp: Brought up 1 node, 2 CPUs
[    0.148722] smpboot: Max logical packages: 1
[    0.149426] smpboot: Total of 2 processors activated (5529.60 BogoMIPS)
[    0.150577] devtmpfs: initialized
[    0.150577] x86/mm: Memory block size: 128MB
[    0.150577] evm: security.selinux
[    0.152004] evm: security.SMACK64
[    0.152436] evm: security.SMACK64EXEC
[    0.152974] evm: security.SMACK64TRANSMUTE
[    0.153547] evm: security.SMACK64MMAP
[    0.154016] evm: security.apparmor
[    0.154445] evm: security.ima
[    0.154859] evm: security.capability
[    0.156062] clocksource: jiffies: mask: 0xffffffff max_cycles: 0xffffffff, max_idle_ns: 7645041785100000 ns
[    0.157202] futex hash table entries: 512 (order: 3, 32768 bytes)
[    0.157964] pinctrl core: initialized pinctrl subsystem
[    0.160074] RTC time:  4:49:37, date: 03/15/23
[    0.160748] NET: Registered protocol family 16
[    0.161403] audit: initializing netlink subsys (disabled)
[    0.164025] audit: type=2000 audit(1678855782.248:1): state=initialized audit_enabled=0 res=1
[    0.165068] cpuidle: using governor ladder
[    0.165068] cpuidle: using governor menu
[    0.165068] ACPI: bus type PCI registered
[    0.165552] acpiphp: ACPI Hot Plug PCI Controller Driver version: 0.5
[    0.166391] PCI: Using configuration type 1 for base access
[    0.168789] HugeTLB registered 2.00 MiB page size, pre-allocated 0 pages
[    0.169087] ACPI: Added _OSI(Module Device)
[    0.169087] ACPI: Added _OSI(Processor Device)
[    0.169117] ACPI: Added _OSI(3.0 _SCP Extensions)
[    0.172006] ACPI: Added _OSI(Processor Aggregator Device)
[    0.172672] ACPI: Added _OSI(Linux-Dell-Video)
[    0.173215] ACPI: Added _OSI(Linux-Lenovo-NV-HDMI-Audio)
[    0.173849] ACPI: Added _OSI(Linux-HPI-Hybrid-Graphics)
[    0.174693] ACPI: Executed 1 blocks of module-level executable AML code
[    0.178297] ACPI: Interpreter enabled
[    0.178798] ACPI: (supports S0 S5)
[    0.179231] ACPI: Using IOAPIC for interrupt routing
[    0.179994] PCI: Using host bridge windows from ACPI; if necessary, use "pci=nocrs" and report a bug
[    0.180123] ACPI: Enabled 2 GPEs in block 00 to 07
[    0.186743] ACPI: PCI Root Bridge [PCI0] (domain 0000 [bus 00-ff])
[    0.187608] acpi PNP0A03:00: _OSC: OS supports [ASPM ClockPM Segments MSI]
[    0.188351] acpi PNP0A03:00: _OSC: not requesting OS control; OS requires [ExtendedConfig ASPM ClockPM MSI]
[    0.189532] acpi PNP0A03:00: fail to add MMCONFIG information, can't access extended PCI configuration space under this bridge.
[    0.191140] PCI host bridge to bus 0000:00
[    0.192003] pci_bus 0000:00: root bus resource [io  0x0000-0x0cf7 window]
[    0.192811] pci_bus 0000:00: root bus resource [io  0x0d00-0xffff window]
[    0.193600] pci_bus 0000:00: root bus resource [mem 0x000a0000-0x000bffff window]
[    0.194506] pci_bus 0000:00: root bus resource [mem 0x40000000-0xfdffffff window]
[    0.195421] pci_bus 0000:00: root bus resource [bus 00-ff]
[    0.197351] pci 0000:00:01.1: legacy IDE quirk: reg 0x10: [io  0x01f0-0x01f7]
[    0.198210] pci 0000:00:01.1: legacy IDE quirk: reg 0x14: [io  0x03f6]
[    0.198979] pci 0000:00:01.1: legacy IDE quirk: reg 0x18: [io  0x0170-0x0177]
[    0.200002] pci 0000:00:01.1: legacy IDE quirk: reg 0x1c: [io  0x0376]
[    0.210109] pci 0000:00:07.0: quirk: [io  0x4000-0x403f] claimed by PIIX4 ACPI
[    0.211070] pci 0000:00:07.0: quirk: [io  0x4100-0x410f] claimed by PIIX4 SMB
[    0.217313] ACPI: PCI Interrupt Link [LNKA] (IRQs 5 9 10 *11)
[    0.218280] ACPI: PCI Interrupt Link [LNKB] (IRQs 5 9 *10 11)
[    0.219069] ACPI: PCI Interrupt Link [LNKC] (IRQs 5 *9 10 11)
[    0.219857] ACPI: PCI Interrupt Link [LNKD] (IRQs 5 9 10 *11)
[    0.220319] SCSI subsystem initialized
[    0.220843] pci 0000:00:02.0: vgaarb: setting as boot VGA device
[    0.220843] pci 0000:00:02.0: vgaarb: VGA device added: decodes=io+mem,owns=io+mem,locks=none
[    0.221776] pci 0000:00:02.0: vgaarb: bridge control possible
[    0.222575] vgaarb: loaded
[    0.224035] ACPI: bus type USB registered
[    0.224561] usbcore: registered new interface driver usbfs
[    0.225223] usbcore: registered new interface driver hub
[    0.225864] usbcore: registered new device driver usb
[    0.226517] EDAC MC: Ver: 3.0.0
[    0.226517] PCI: Using ACPI for IRQ routing
[    0.228212] NetLabel: Initializing
[    0.228689] NetLabel:  domain hash size = 128
[    0.229223] NetLabel:  protocols = UNLABELED CIPSOv4 CALIPSO
[    0.229910] NetLabel:  unlabeled traffic allowed by default
[    0.230591] clocksource: Switched to clocksource kvm-clock
[    0.245329] VFS: Disk quotas dquot_6.6.0
[    0.245915] VFS: Dquot-cache hash table entries: 512 (order 0, 4096 bytes)
[    0.246817] AppArmor: AppArmor Filesystem Enabled
[    0.247437] pnp: PnP ACPI init
[    0.248629] pnp: PnP ACPI: found 3 devices
[    0.256768] clocksource: acpi_pm: mask: 0xffffff max_cycles: 0xffffff, max_idle_ns: 2085701024 ns
[    0.258364] NET: Registered protocol family 2
[    0.258961] IP idents hash table entries: 16384 (order: 5, 131072 bytes)
[    0.262869] TCP established hash table entries: 8192 (order: 4, 65536 bytes)
[    0.263736] TCP bind hash table entries: 8192 (order: 5, 131072 bytes)
[    0.264546] TCP: Hash tables configured (established 8192 bind 8192)
[    0.265299] UDP hash table entries: 512 (order: 2, 16384 bytes)
[    0.265999] UDP-Lite hash table entries: 512 (order: 2, 16384 bytes)
[    0.266767] NET: Registered protocol family 1
[    0.267305] pci 0000:00:00.0: Limiting direct PCI/PCI transfers
[    0.268031] pci 0000:00:01.0: Activating ISA DMA hang workarounds
[    0.268783] pci 0000:00:02.0: Video device with shadowed ROM at [mem 0x000c0000-0x000dffff]
[    0.269841] Unpacking initramfs...
[    0.579472] Freeing initrd memory: 19532K
[    0.580261] clocksource: tsc: mask: 0xffffffffffffffff max_cycles: 0x13ed30257ab, max_idle_ns: 440795252862 ns
[    0.581649] platform rtc_cmos: registered platform RTC device (no PNP device found)
[    0.582827] Scanning for low memory corruption every 60 seconds
[    0.587182] Initialise system trusted keyrings
[    0.588238] Key type blacklist registered
[    0.591012] workingset: timestamp_bits=36 max_order=18 bucket_order=0
[    0.598572] zbud: loaded
[    0.601268] squashfs: version 4.0 (2009/01/31) Phillip Lougher
[    0.602896] fuse init (API version 7.26)
[    0.606638] Key type asymmetric registered
[    0.607282] Asymmetric key parser 'x509' registered
[    0.608063] Block layer SCSI generic (bsg) driver version 0.4 loaded (major 246)
[    0.609937] io scheduler noop registered
[    0.610828] io scheduler deadline registered
[    0.611444] io scheduler cfq registered (default)
[    0.612651] ACPI: AC Adapter [AC] (on-line)
[    0.613299] input: Power Button as /devices/LNXSYSTM:00/LNXPWRBN:00/input/input0
[    0.614831] ACPI: Power Button [PWRF]
[    0.615745] input: Sleep Button as /devices/LNXSYSTM:00/LNXSLPBN:00/input/input1
[    0.616864] ACPI: Sleep Button [SLPF]
[    0.618365] ACPI: Battery Slot [BAT0] (battery present)
[    0.619394] Serial: 8250/16550 driver, 32 ports, IRQ sharing enabled
[    0.641078] 00:02: ttyS0 at I/O 0x3f8 (irq = 4, base_baud = 115200) is a 16550A
[    0.644408] Linux agpgart interface v0.103
[    0.648811] loop: module loaded
[    0.649706] scsi host0: ata_piix
[    0.650249] scsi host1: ata_piix
[    0.650684] ata1: PATA max UDMA/33 cmd 0x1f0 ctl 0x3f6 bmdma 0xd000 irq 14
[    0.651585] ata2: PATA max UDMA/33 cmd 0x170 ctl 0x376 bmdma 0xd008 irq 15
[    0.652547] tun: Universal TUN/TAP device driver, 1.6
[    0.653523] PPP generic driver version 2.4.2
[    0.654546] ehci_hcd: USB 2.0 'Enhanced' Host Controller (EHCI) Driver
[    0.655680] ehci-pci: EHCI PCI platform driver
[    0.657706] ehci-platform: EHCI generic platform driver
[    0.660250] ohci_hcd: USB 1.1 'Open' Host Controller (OHCI) Driver
[    0.662199] ohci-pci: OHCI PCI platform driver
[    0.663448] ohci-platform: OHCI generic platform driver
[    0.664953] uhci_hcd: USB Universal Host Controller Interface driver
[    0.666698] i8042: PNP: PS/2 Controller [PNP0303:PS2K,PNP0f03:PS2M] at 0x60,0x64 irq 1,12
[    0.669401] serio: i8042 KBD port at 0x60,0x64 irq 1
[    0.670635] serio: i8042 AUX port at 0x60,0x64 irq 12
[    0.672103] mousedev: PS/2 mouse device common for all mice
[    0.674246] input: AT Translated Set 2 keyboard as /devices/platform/i8042/serio0/input/input2
[    0.676236] rtc_cmos rtc_cmos: rtc core: registered rtc_cmos as rtc0
[    0.677540] rtc_cmos rtc_cmos: alarms up to one day, 114 bytes nvram
[    0.678744] i2c /dev entries driver
[    0.679532] device-mapper: uevent: version 1.0.3
[    0.680604] device-mapper: ioctl: 4.37.0-ioctl (2017-09-20) initialised: dm-devel@redhat.com
[    0.681924] ledtrig-cpu: registered to indicate activity on CPUs
[    0.683236] NET: Registered protocol family 10
[    0.687046] Segment Routing with IPv6
[    0.687537] NET: Registered protocol family 17
[    0.688164] Key type dns_resolver registered
[    0.688832] mce: Using 0 MCE banks
[    0.689306] RAS: Correctable Errors collector initialized.
[    0.689979] sched_clock: Marking stable (688806693, 0)->(829499576, -140692883)
[    0.691181] registered taskstats version 1
[    0.691718] Loading compiled-in X.509 certificates
[    0.693943] Loaded X.509 cert 'Build time autogenerated kernel key: 4d405f87ce750406625b929cd2e51cc76ab5bcf4'
[    0.695595] Loaded X.509 cert 'Canonical Ltd. Live Patch Signing: 14df34d1a87cf37625abec039ef2bf521249b969'
[    0.697298] Loaded X.509 cert 'Canonical Ltd. Kernel Module Signing: 88f752e560a1e0737e31163a466ad7b70a850c19'
[    0.698679] blacklist: Loading compiled-in revocation X.509 certificates
[    0.699525] Loaded X.509 cert 'Canonical Ltd. Secure Boot Signing: 61482aa2830d0ab2ad5af10b7250da9033ddcef0'
[    0.700756] Loaded X.509 cert 'Canonical Ltd. Secure Boot Signing (2017): 242ade75ac4a15e50d50c84b0d45ff3eae707a03'
[    0.702029] Loaded X.509 cert 'Canonical Ltd. Secure Boot Signing (ESM 2018): 365188c1d374d6b07c3c8f240f8ef722433d6a8b'
[    0.703339] Loaded X.509 cert 'Canonical Ltd. Secure Boot Signing (2019): c0746fd6c5da3ae827864651ad66ae47fe24b3e8'
[    0.704632] Loaded X.509 cert 'Canonical Ltd. Secure Boot Signing (2021 v1): a8d54bbb3825cfb94fa13c9f8a594a195c107b8d'
[    0.705901] Loaded X.509 cert 'Canonical Ltd. Secure Boot Signing (2021 v2): 4cf046892d6fd3c9a5b03f98d845f90851dc6a8c'
[    0.707193] Loaded X.509 cert 'Canonical Ltd. Secure Boot Signing (2021 v3): 100437bb6de6e469b581e61cd66bce3ef4ed53af'
[    0.708514] Loaded X.509 cert 'Canonical Ltd. Secure Boot Signing (Ubuntu Core 2019): c1d57b8f6b743f23ee41f4f7ee292f06eecadfb9'
[    0.709881] zswap: loaded using pool lzo/zbud
[    0.712608] Key type big_key registered
[    0.713102] Key type trusted registered
[    0.714701] Key type encrypted registered
[    0.715255] AppArmor: AppArmor sha1 policy hashing enabled
[    0.715916] ima: No TPM chip found, activating TPM-bypass! (rc=-19)
[    0.716721] ima: Allocated hash algorithm: sha1
[    0.717281] evm: HMAC attrs: 0x1
[    0.717881]   Magic number: 15:317:818
[    0.718460] rtc_cmos rtc_cmos: setting system clock to 2023-03-15 04:49:38 UTC (1678855778)
[    0.719624] BIOS EDD facility v0.16 2004-Jun-25, 0 devices found
[    0.720392] EDD information not available.
[    0.843867] Freeing unused kernel image memory: 2480K
[    1.553802] Write protecting the kernel read-only data: 20480k
[    1.557604] Freeing unused kernel image memory: 2008K
[    1.560374] Freeing unused kernel image memory: 1820K
[    1.572927] x86/mm: Checked W+X mappings: passed, no W+X pages found.
Loading, please wait...
starting version 237
[    1.644808] e1000: Intel(R) PRO/1000 Network Driver - version 7.3.21-k8-NAPI
[    1.646861] e1000: Copyright (c) 1999-2006 Intel Corporation.
[    1.651378] Fusion MPT base driver 3.04.20
[    1.652239] Copyright (c) 1999-2008 LSI Corporation
[    1.657651] Fusion MPT SPI Host driver 3.04.20
[    1.679924] AVX2 version of gcm_enc/dec engaged.
[    1.681041] AES CTR mode by8 optimization enabled
[    1.868495] input: ImExPS/2 Generic Explorer Mouse as /devices/platform/i8042/serio1/input/input4
[    2.592942] e1000 0000:00:03.0 eth0: (PCI:33MHz:32-bit) 02:df:c2:d4:51:e3
[    2.595664] e1000 0000:00:03.0 eth0: Intel(R) PRO/1000 Network Connection
[    2.599952] mptbase: ioc0: Initiating bringup
[    3.815457] ioc0: LSI53C1030 A0: Capabilities={Initiator}
[    6.566567] scsi host2: ioc0: LSI53C1030 A0, FwRev=00000000h, Ports=1, MaxQ=256, IRQ=20
[    8.149449] scsi 2:0:0:0: Direct-Access     VBOX     HARDDISK         1.0  PQ: 0 ANSI: 5
[    8.184480] scsi target2:0:0: Beginning Domain Validation
[    8.192112] scsi target2:0:0: Domain Validation skipping write tests
[    8.194851] scsi target2:0:0: Ending Domain Validation
[    8.197038] scsi target2:0:0: asynchronous
[    8.199256] scsi 2:0:1:0: Direct-Access     VBOX     HARDDISK         1.0  PQ: 0 ANSI: 5
[    8.504658] scsi target2:0:1: Beginning Domain Validation
[    8.508972] scsi target2:0:1: Domain Validation skipping write tests
[    8.509849] scsi target2:0:1: Ending Domain Validation
[    8.510703] scsi target2:0:1: asynchronous
[    8.518052] sd 2:0:0:0: Attached scsi generic sg0 type 0
[    8.519083] sd 2:0:1:0: Attached scsi generic sg1 type 0
[    8.520022] sd 2:0:0:0: [sda] 83886080 512-byte logical blocks: (42.9 GB/40.0 GiB)
[    8.521277] sd 2:0:1:0: [sdb] 20480 512-byte logical blocks: (10.5 MB/10.0 MiB)
[    8.522277] sd 2:0:0:0: [sda] Write Protect is off
[    8.523011] sd 2:0:1:0: [sdb] Write Protect is off
[    8.523974] sd 2:0:0:0: [sda] Incomplete mode parameter data
[    8.525237] sd 2:0:0:0: [sda] Assuming drive cache: write through
[    8.526079] sd 2:0:1:0: [sdb] Incomplete mode parameter data
[    8.526829] sd 2:0:1:0: [sdb] Assuming drive cache: write through
[    8.531962]  sda: sda1
[    8.533929] sd 2:0:0:0: [sda] Attached SCSI disk
[    8.535367] sd 2:0:1:0: [sdb] Attached SCSI disk
[    8.542007] e1000 0000:00:08.0 eth1: (PCI:33MHz:32-bit) 08:00:27:41:be:70
[    8.543426] e1000 0000:00:08.0 eth1: Intel(R) PRO/1000 Network Connection
[    8.545683] e1000 0000:00:08.0 enp0s8: renamed from eth1
[    8.560389] e1000 0000:00:03.0 enp0s3: renamed from eth0
Begin: Loading essential drivers ... [    9.948807] raid6: sse2x1   gen() 13758 MB/s
[    9.996496] raid6: sse2x1   xor()  8570 MB/s
[   10.044193] raid6: sse2x2   gen() 18518 MB/s
[   10.092008] raid6: sse2x2   xor() 11789 MB/s
[   10.140563] raid6: sse2x4   gen() 19169 MB/s
[   10.188261] raid6: sse2x4   xor()  9732 MB/s
[   10.236023] raid6: avx2x1   gen() 30280 MB/s
[   10.284729] raid6: avx2x1   xor() 17342 MB/s
[   10.332317] raid6: avx2x2   gen() 16555 MB/s
[   10.380041] raid6: avx2x2   xor() 21891 MB/s
[   10.428162] raid6: avx2x4   gen() 31279 MB/s
[   10.476867] raid6: avx2x4   xor() 19566 MB/s
[   10.477593] raid6: using algorithm avx2x4 gen() 31279 MB/s
[   10.478402] raid6: .... xor() 19566 MB/s, rmw enabled
[   10.479048] raid6: using avx2x2 recovery algorithm
[   10.481453] xor: automatically using best checksumming function   avx       
[   10.485407] async_tx: api initialized (async)
done.
Begin: Running /scripts/init-premount ... done.
Begin: Mounting root file system ... Begin: Running /scripts/local-top ... done.
Begin: Running /scripts/local-premount ... [   10.540844] Btrfs loaded, crc32c=crc32c-intel
Scanning for Btrfs filesystems
done.
Warning: fsck not present, so skipping root file system
[   10.561982] EXT4-fs (sda1): mounted filesystem with ordered data mode. Opts: (null)
done.
Begin: Running /scripts/local-bottom ... done.
Begin: Running /scripts/init-bottom ... done.
[   10.697281] ip_tables: (C) 2000-2006 Netfilter Core Team
[   10.702955] systemd[1]: systemd 237 running in system mode. (+PAM +AUDIT +SELINUX +IMA +APPARMOR +SMACK +SYSVINIT +UTMP +LIBCRYPTSETUP +GCRYPT +GNUTLS +ACL +XZ +LZ4 +SECCOMP +BLKID +ELFUTILS +KMOD -IDN2 +IDN -PCRE2 default-hierarchy=hybrid)
[   10.705448] systemd[1]: Detected virtualization oracle.
[   10.706106] systemd[1]: Detected architecture x86-64.

Welcome to [1mUbuntu 18.04.6 LTS[0m!

[   10.709868] systemd[1]: Set hostname to <ubuntu>.
[   10.711572] systemd[1]: Initializing machine ID from random generator.
[   10.712338] systemd[1]: Installed transient /etc/machine-id file.
[   10.901346] systemd[1]: Reached target Mounting snaps.
[[0;32m  OK  [0m] Reached target Mounting snaps.
[   10.902662] systemd[1]: Reached target User and Group Name Lookups.
[[0;32m  OK  [0m] Reached target User and Group Name Lookups.
[   10.904976] systemd[1]: Created slice User and Session Slice.
[[0;32m  OK  [0m] Created slice User and Session Slice.
[   10.906372] systemd[1]: Set up automount Arbitrary Executable File Formats File System Automount Point.
[[0;32m  OK  [0m] Set up automount Arbitrary Executab…rmats File System Automount Point.
[[0;32m  OK  [0m] Reached target Swap.
[[0;32m  OK  [0m] Started Forward Password Requests to Wall Directory Watch.
[[0;32m  OK  [0m] Created slice System Slice.
[[0;32m  OK  [0m] Listening on Syslog Socket.
[[0;32m  OK  [0m] Listening on Journal Socket (/dev/log).
[[0;32m  OK  [0m] Listening on udev Kernel Socket.
[[0;32m  OK  [0m] Listening on Device-mapper event daemon FIFOs.
[[0;32m  OK  [0m] Listening on /dev/initctl Compatibility Named Pipe.
[[0;32m  OK  [0m] Listening on LVM2 metadata daemon socket.
[[0;32m  OK  [0m] Created slice system-serial\x2dgetty.slice.
[[0;32m  OK  [0m] Listening on fsck to fsckd communication Socket.
[[0;32m  OK  [0m] Listening on Network Service Netlink Socket.
[[0;32m  OK  [0m] Listening on Journal Audit Socket.
[[0;32m  OK  [0m] Reached target Slices.
[[0;32m  OK  [0m] Listening on LVM2 poll daemon socket.
[[0;32m  OK  [0m] Listening on Journal Socket.
         Mounting POSIX Message Queue File System...
         Starting File System Check on Root Device...
         Starting Create list of required st…ce nodes for the current kernel...
         Starting Set the console keyboard layout...
         Starting Load Kernel Modules...
         Starting Journal Service...
         Mounting Kernel Debug File System...
         Starting Monitoring of LVM2 mirrors…ng dmeventd or progress polling...
         Starting Uncomplicated firewall...
         Mounting Huge Pages File System...
[[0;32m  OK  [0m] Reached target Mounted snaps.
[[0;32m  OK  [0m] Reached target System Time Synchronized.
[[0;32m  OK  [0m] Listening on udev Control Socket.
         Starting udev Coldplug all Devices...
[[0;32m  OK  [0m] Mounted POSIX Message Queue File System.
[[0;32m  OK  [0m] Started File System Check on Root Device.
[[0;32m  OK  [0m] Started Create list of required sta…vice nodes for the current kernel.
[   10.982924] Loading iSCSI transport class v2.0-870.
[[0;32m  OK  [0m] Mounted Kernel Debug File System.
[[0;32m  OK  [0m] Mounted Huge Pages File System.
[[0;32m  OK  [0m] Started File System Check Daemon to report status.
         Starting Create Static Device Nodes in /dev...
         Starting Remount Root and Kernel File Systems...
[   10.993074] iscsi: registered transport (tcp)
[   11.013323] iscsi: registered transport (iser)
[[0;32m  OK  [0m] Started Load Kernel Modules.
         Mounting FUSE Control File System...
         Starting Apply Kernel Variables...
         Mounting Kernel Configuration File System...
[[0;32m  OK  [0m] Mounted FUSE Control File System.
[[0;32m  OK  [0m] Mounted Kernel Configuration File System.
[[0;32m  OK  [0m] Started Journal Service.
[[0;32m  OK  [0m] Started LVM2 metadata daemon.
[[0;32m  OK  [0m] Started Uncomplicated firewall.
[[0;32m  OK  [0m] Started udev Coldplug all Devices.
[[0;32m  OK  [0m] Started Create Static Device Nodes in /dev.
[[0;32m  OK  [0m] Started Remount Root and Kernel File Systems.
[[0;32m  OK  [0m] Started Monitoring of LVM2 mirrors,…sing dmeventd or progress polling.
[[0;32m  OK  [0m] Started Apply Kernel Variables.
         Starting udev Kernel Device Manager...
         Starting Load/Save Random Seed...
         Starting Flush Journal to Persistent Storage...
[[0;32m  OK  [0m] Started udev Kernel Device Manager.
[[0;32m  OK  [0m] Started Load/Save Random Seed.
[[0;32m  OK  [0m] Started Flush Journal to Persistent Storage.
[[0;32m  OK  [0m] Found device /dev/ttyS0.
[[0;32m  OK  [0m] Listening on Load/Save RF Kill Switch Status /dev/rfkill Watch.
         Mounting Arbitrary Executable File Formats File System...
[[0;32m  OK  [0m] Mounted Arbitrary Executable File Formats File System.
[[0;32m  OK  [0m] Started Set the console keyboard layout.
[[0;32m  OK  [0m] Started Dispatch Password Requests to Console Directory Watch.
[[0;32m  OK  [0m] Reached target Local Encrypted Volumes.
[[0;32m  OK  [0m] Reached target Local File Systems (Pre).
[[0;32m  OK  [0m] Reached target Local File Systems.
         Starting Set console font and keymap...
         Starting Create Volatile Files and Directories...
         Starting Commit a transient machine-id on disk...
         Starting Tell Plymouth To Write Out Runtime Data...
         Starting AppArmor initialization...
         Starting ebtables ruleset management...
[[0;32m  OK  [0m] Started Set console font and keymap.
[[0;32m  OK  [0m] Started Tell Plymouth To Write Out Runtime Data.
[[0;32m  OK  [0m] Started Create Volatile Files and Directories.
         Starting Update UTMP about System Boot/Shutdown...
[[0;32m  OK  [0m] Started Update UTMP about System Boot/Shutdown.
[[0;32m  OK  [0m] Started Commit a transient machine-id on disk.
[[0;32m  OK  [0m] Started ebtables ruleset management.
[[0;32m  OK  [0m] Started AppArmor initialization.
         Starting Initial cloud-init job (pre-networking)...
         Starting Load AppArmor profiles managed internally by snapd...
[[0;32m  OK  [0m] Started Load AppArmor profiles managed internally by snapd.
[   13.828810] cloud-init[678]: Cloud-init v. 22.4.2-0ubuntu0~18.04.1 running 'init-local' at Wed, 15 Mar 2023 04:49:51 +0000. Up 13.43 seconds.
[[0;32m  OK  [0m] Started Initial cloud-init job (pre-networking).
[[0;32m  OK  [0m] Reached target Network (Pre).
         Starting Network Service...
[[0;32m  OK  [0m] Started Network Service.
         Starting Wait for Network to be Configured...
         Starting Network Name Resolution...
[[0;32m  OK  [0m] Started Network Name Resolution.
[[0;32m  OK  [0m] Reached target Network.
[[0;32m  OK  [0m] Reached target Host and Network Name Lookups.
[[0;32m  OK  [0m] Started Wait for Network to be Configured.
         Starting Initial cloud-init job (metadata service crawler)...
[   16.247018] cloud-init[798]: Cloud-init v. 22.4.2-0ubuntu0~18.04.1 running 'init' at Wed, 15 Mar 2023 04:49:53 +0000. Up 16.14 seconds.
[   16.248657] cloud-init[798]: ci-info: ++++++++++++++++++++++++++++++++++++++Net device info+++++++++++++++++++++++++++++++++++++++
[   16.250646] cloud-init[798]: ci-info: +--------+-------+----------------------------+---------------+--------+-------------------+
[   16.251804] cloud-init[798]: ci-info: | Device |   Up  |          Address           |      Mask     | Scope  |     Hw-Address    |
[   16.253033] cloud-init[798]: ci-info: +--------+-------+----------------------------+---------------+--------+-------------------+
[   16.264156] cloud-init[798]: ci-info: | enp0s3 |  True |         10.0.2.15          | 255.255.255.0 | global | 02:df:c2:d4:51:e3 |
[   16.266070] cloud-init[798]: ci-info: | enp0s3 |  True | fe80::df:c2ff:fed4:51e3/64 |       .       |  link  | 02:df:c2:d4:51:e3 |
[   16.267980] cloud-init[798]: ci-info: | enp0s8 | False |             .              |       .       |   .    | 08:00:27:41:be:70 |
[   16.269917] cloud-init[798]: ci-info: |   lo   |  True |         127.0.0.1          |   255.0.0.0   |  host  |         .         |
[   16.271880] cloud-init[798]: ci-info: |   lo   |  True |          ::1/128           |       .       |  host  |         .         |
[   16.273894] cloud-init[798]: ci-info: +--------+-------+----------------------------+---------------+--------+-------------------+
[   16.275917] cloud-init[798]: ci-info: ++++++++++++++++++++++++++++Route IPv4 info+++++++++++++++++++++++++++++
[   16.277605] cloud-init[798]: ci-info: +-------+-------------+----------+-----------------+-----------+-------+
[   16.278938] cloud-init[798]: ci-info: | Route | Destination | Gateway  |     Genmask     | Interface | Flags |
[   16.280134] cloud-init[798]: ci-info: +-------+-------------+----------+-----------------+-----------+-------+
[   16.281556] cloud-init[798]: ci-info: |   0   |   0.0.0.0   | 10.0.2.2 |     0.0.0.0     |   enp0s3  |   UG  |
[   16.282964] cloud-init[798]: ci-info: |   1   |   10.0.2.0  | 0.0.0.0  |  255.255.255.0  |   enp0s3  |   U   |
[   16.284389] cloud-init[798]: ci-info: |   2   |   10.0.2.2  | 0.0.0.0  | 255.255.255.255 |   enp0s3  |   UH  |
[   16.285895] cloud-init[798]: ci-info: +-------+-------------+----------+-----------------+-----------+-------+
[   16.300275] cloud-init[798]: ci-info: +++++++++++++++++++Route IPv6 info+++++++++++++++++++
[   16.312362] cloud-init[798]: ci-info: +-------+-------------+---------+-----------+-------+
[   16.313735] cloud-init[798]: ci-info: | Route | Destination | Gateway | Interface | Flags |
[   16.316256] cloud-init[798]: ci-info: +-------+-------------+---------+-----------+-------+
[   16.318672] cloud-init[798]: ci-info: |   1   |  fe80::/64  |    ::   |   enp0s3  |   U   |
[   16.321115] cloud-init[798]: ci-info: |   3   |    local    |    ::   |   enp0s3  |   U   |
[   16.323529] cloud-init[798]: ci-info: |   4   |   ff00::/8  |    ::   |   enp0s3  |   U   |
[   16.325836] cloud-init[798]: ci-info: +-------+-------------+---------+-----------+-------+
[   16.882811] cloud-init[798]: Generating public/private rsa key pair.
[   16.883706] cloud-init[798]: Your identification has been saved in /etc/ssh/ssh_host_rsa_key.
[   16.896298] cloud-init[798]: Your public key has been saved in /etc/ssh/ssh_host_rsa_key.pub.
[   16.897405] cloud-init[798]: The key fingerprint is:
[   16.908435] cloud-init[798]: SHA256:FBMeWOcg6BDJcoEgtDHYc7D3HyLDUGkNp3Z6fA8r0i8 root@ubuntu-bionic
[   16.909443] cloud-init[798]: The key's randomart image is:
[   16.920523] cloud-init[798]: +---[RSA 2048]----+
[   16.921117] cloud-init[798]: |*B+=o=ooB..      |
[[0;32m  OK  [0m] Started Initial cloud-init job (metadata service crawler).
[[0;32m  OK  [0m] Reached target Network is Online.
[   16.938517] cloud-init[798]: |= @o=ooo B       |
[[0;32m  OK  [0m] Reached target Remote File Systems (Pre).
[   16.948147] [cloud-init[0;32m  OK  [0m] Reached target Remote File Systems.[798]: | +o*+ . o .      |

[   16.948988] cloud-init[798]: |   =.= .         |
         Starting Availability of block devices...
[   16.953885] [cloud-init[0;32m  OK  [0m[798]: ] |    = = S        |Reached target Cloud-config availability.

[[0;32m  OK  [0m] Reached target System Initialization.
[   16.965696] cloud-init[[798]: [0;32m  OK  [0m|     = + =       |] 
Listening on ACPID Listen Socket.
[[0;32m  OK  [0m] Started Message of the Day.
[   16.967306] [[0;32m  OK  [0m] Listening on cloud-init hotplug hook socket.
cloud-init[798]: |    . o o .      |
[   16.968638] cloud-init[798]: |     .Eo         |
[[0;32m  OK  [0m] Started ACPI Events Check.
[[0;32m  OK  [0m] Reached target Paths.
[[0;32m  OK  [0m] Started Discard unused blocks once a week.
[[0;32m  OK  [0m] Listening on D-Bus System Message Bus Socket.
[[0;32m  OK  [0m] Started Ubuntu Advantage Timer for running repeated jobs.
[[0;32m  OK  [0m] Started Daily apt download activities.
[[0;32m  OK  [0m] Started Daily Cleanup of Temporary Directories.
[[0;32m  OK  [0m] Listening on Open-iSCSI iscsid Socket.
[   16.969916] cloud-init         Starting LXD - unix socket.
[[0;32m  OK  [0m] Started Daily apt upgrade and clean activities.
[[0;32m  OK  [0m] Reached target Timers.
[[0;32m  OK  [0m] Listening on UUID daemon activation socket.
[798]: |       ..        |         Starting Socket activation for snappy daemon.
[[0;32m  OK  [0m] Started Availability of block devices.
[[0;32m  OK  [0m] Listening on LXD - unix socket.

[[0;32m  OK  [0m] Listening on Socket activation for snappy daemon.
[   16.987293] cloud-init[[0;32m  OK  [0m] Reached target Sockets.
[[0;32m  OK  [0m] Reached target Basic System.
[798]: +----[SHA256]-----+
[[0;32m  OK  [0m] Started Deferred execution scheduler.
[   16.989636] cloud-init[[0;32m  OK  [0m] Reached target Login Prompts (Pre).
[798]: Generating public/private dsa key pair.
         Starting LSB: automatic crash report generation...
[   17.000550] cloud-init[798]: Your identification has been saved in /etc/ssh/ssh_host_dsa_key.
[   17.013408] cloud-init[798]: Your public key has been saved in /etc/ssh/ssh_host_dsa_key.pub.
         Starting Snap Daemon...
[   17.024834] cloud-init[798]: The key fingerprint is:
         Starting Permit User Sessions...
         Starting Accounts Service...
[[0;32m  OK  [0m] Started FUSE filesystem for LXC.
[   17.030214] cloud-init[798]: SHA256:IJ0/4lcG+txp9rO+Awyzqi+ZRW7TTRPzjv29S0vbbqU root@ubuntu-bionic
[   17.031491]          Starting Login Service...
cloud-init         Starting LSB: Record successful boot for GRUB...
[798]: The key's randomart image is:
[   17.039227] cloud-init[798]: +---[DSA 1024]----+
[   17.040151] cloud-init[798]: |                 |
[   17.040954] cloud-init[798]: |     . .  o      |
[   17.042504] cloud-init[798]: |    . + .  +     |
[   17.044115] cloud-init[798]: |     ..+o.o .    |
[   17.044830] cloud-init[798]: |     oo.SBo=     |
[   17.045597] cloud-init[798]: |     .=+o==.o   .|
[   17.046343] cloud-init[798]: |     =.o+ =. . =.|
[   17.047097] cloud-init[798]: |    + .. o .o E *|
[   17.048539] cloud-init[798]: |    .+.    .== B=|
[   17.049321] cloud-init[798]: +----[SHA256]-----+
[   17.050066] cloud-init[798]: Generating public/private ecdsa key pair.
[   17.051382] cloud-init[798]: Your identification has been saved in /etc/ssh/ssh_host_ecdsa_key.
[   17.052904] cloud-init[798]: Your public key has been saved in /etc/ssh/ssh_host_ecdsa_key.pub.
[   17.054369] cloud-init[798]: The key fingerprint is:
[   17.055166] cloud-init[798]: SHA256:qlYpeky0QoUxFwsw5soSPcOc8H6bQdugwsnx5LMgxOU root@ubuntu-bionic
[   17.056713] cloud-init[798]: The key's randomart image is:
[   17.057834] cloud-init[798]: +---[ECDSA 256]---+
[   17.058572] cloud-init[798]: |+o++o.           |
[   17.059583] cloud-init[798]: |+B+=..           |
[   17.060693] cloud-init[798]: |.=OE+            |
[   17.061432] cloud-init[798]: |*oB=.+           |
[   17.062449] cloud-init[798]: |=Bo=+...S        |
[   17.063436] cloud-init[798]: |o.o.*+o.         |
[   17.064203] cloud-init[798]: |   *oo.          |
[   17.064944] cloud-init[798]: |  . +.           |
[   17.065672] cloud-init[798]: |   o.            |
[   17.066417] cloud-init[798]: +----[SHA256]-----+
[   17.067330] cloud-init[798]: Generating public/private ed25519 key pair.
[   17.068361] cloud-init[798]: Your identification has been saved in /etc/ssh/ssh_host_ed25519_key.
[   17.069374] cloud-init[798]: Your public key has been saved in /etc/ssh/ssh_host_ed25519_key.pub.
[   17.070340] cloud-init[798]: The key fingerprint is:
[   17.070941] cloud-init[798]: SHA256:6ka3Lijo7lG3NUKbkAVl5kVycQF8AWn+ZS++KFRXWw8 root@ubuntu-bionic
[   17.071845] cloud-init[798]: The key's randomart image is:
[   17.072592] cloud-init[798]: +--[ED25519 256]--+
[   17.073160] cloud-init[798]: |   .o*oB=+o      |
[   17.073743] cloud-init[798]: |    * ++..   .E. |
[   17.074331] cloud-init[798]: |   o oo .   . o..|
[   17.074898] cloud-init[798]: |    o o. . + .  .|
[   17.075526] cloud-init[798]: |   . = oS + .    |
[   17.076193] cloud-init[798]: |  . . =oo. . .   |
[   17.076827] cloud-init[798]: | o   +o. .. .    |
[   17.077464] cloud-init[798]: |. o ..o.. ..     |
[   17.078043] cloud-init[798]: |++ . ..oo. ..    |
[   17.078667] cloud-init[798]: +----[SHA256]-----+
[[0;32m  OK  [0m] Started Regular background program processing daemon.
         Starting Virtualbox guest utils...
         Starting Dispatcher daemon for systemd-networkd...
         Starting LXD - container startup/shutdown...
[[0;32m  OK  [0m] Started irqbalance daemon.
         Starting Pollinate to seed the pseudo random number generator...
         Starting System Logging Service...
[[0;32m  OK  [0m] Started D-Bus System Message Bus.
[[0;32m  OK  [0m] Started System Logging Service.
[[0;32m  OK  [0m] Started Permit User Sessions.
[[0;32m  OK  [0m] Started Login Service.
[[0;32m  OK  [0m] Started Unattended Upgrades Shutdown.
         Starting Hold until boot process finishes up...
         Starting Terminate Plymouth Boot Screen...
[[0;32m  OK  [0m] Started Hold until boot process finishes up.
[[0;32m  OK  [0m] Started Serial Getty on ttyS0.
         Starting Set console scheme...
[[0;32m  OK  [0m] Started Terminate Plymouth Boot Screen.
[[0;32m  OK  [0m] Started Set console scheme.
[[0;32m  OK  [0m] Created slice system-getty.slice.
[[0;32m  OK  [0m] Started Getty on tty1.
[[0;32m  OK  [0m] Reached target Login Prompts.
[[0;32m  OK  [0m] Started LSB: automatic crash report generation.
         Starting Authorization Manager...
[[0;32m  OK  [0m] Started Authorization Manager.
[[0;32m  OK  [0m] Started Accounts Service.
[[0;32m  OK  [0m] Started LXD - container startup/shutdown.
[[0;32m  OK  [0m] Started LSB: Record successful boot for GRUB.
[[0;32m  OK  [0m] Started Virtualbox guest utils.
[[0;32m  OK  [0m] Started Dispatcher daemon for systemd-networkd.
[[0;32m  OK  [0m] Started Snap Daemon.
         Starting Wait until snapd is fully seeded...
         Starting Time & Date Service...
[[0;32m  OK  [0m] Started Time & Date Service.
[[0;32m  OK  [0m] Started Pollinate to seed the pseudo random number generator.
         Starting OpenBSD Secure Shell server...
[[0;32m  OK  [0m] Started OpenBSD Secure Shell server.
[[0;32m  OK  [0m] Created slice User Slice of vagrant.
         Starting User Manager for UID 1000...
[[0;32m  OK  [0m] Started Session 1 of user vagrant.
[[0;32m  OK  [0m] Started User Manager for UID 1000.
[[0;32m  OK  [0m] Started Wait until snapd is fully seeded.
         Starting Apply the settings specified in cloud-config...
[   22.280233] cloud-init[1485]: Cloud-init v. 22.4.2-0ubuntu0~18.04.1 running 'modules:config' at Wed, 15 Mar 2023 04:49:59 +0000. Up 21.83 seconds.
[[0;32m  OK  [0m] Started Apply the settings specified in cloud-config.
[[0;32m  OK  [0m] Reached target Multi-User System.
         Starting Execute cloud user/final scripts...
[[0;32m  OK  [0m] Reached target Graphical Interface.
         Starting Update UTMP about System Runlevel Changes...
[[0;32m  OK  [0m] Started Update UTMP about System Runlevel Changes.
ci-info: no authorized SSH keys fingerprints found for user ubuntu.
<14>Mar 15 04:50:00 cloud-init: #############################################################
<14>Mar 15 04:50:00 cloud-init: -----BEGIN SSH HOST KEY FINGERPRINTS-----
<14>Mar 15 04:50:00 cloud-init: 1024 SHA256:IJ0/4lcG+txp9rO+Awyzqi+ZRW7TTRPzjv29S0vbbqU root@ubuntu-bionic (DSA)
<14>Mar 15 04:50:00 cloud-init: 256 SHA256:qlYpeky0QoUxFwsw5soSPcOc8H6bQdugwsnx5LMgxOU root@ubuntu-bionic (ECDSA)
<14>Mar 15 04:50:00 cloud-init: 256 SHA256:6ka3Lijo7lG3NUKbkAVl5kVycQF8AWn+ZS++KFRXWw8 root@ubuntu-bionic (ED25519)
<14>Mar 15 04:50:00 cloud-init: 2048 SHA256:FBMeWOcg6BDJcoEgtDHYc7D3HyLDUGkNp3Z6fA8r0i8 root@ubuntu-bionic (RSA)
<14>Mar 15 04:50:00 cloud-init: -----END SSH HOST KEY FINGERPRINTS-----
<14>Mar 15 04:50:00 cloud-init: #############################################################
-----BEGIN SSH HOST KEY KEYS-----
ecdsa-sha2-nistp256 AAAAE2VjZHNhLXNoYTItbmlzdHAyNTYAAAAIbmlzdHAyNTYAAABBBG0Ud+GlBr3Axpxe2hgFKBj30oyxxBRmo4s0fWdOOqZi/fn96wi5viZ9bBmq5D6M1f7eRWFoCxqNqSrg+b3iB/8= root@ubuntu-bionic
ssh-ed25519 AAAAC3NzaC1lZDI1NTE5AAAAIBjreIzJ+/PttfX3/ZrtHDpzK+S+LK9sbtcfcRukaJ81 root@ubuntu-bionic
ssh-rsa AAAAB3NzaC1yc2EAAAADAQABAAABAQCz50TbPukPIIyefHq1KXV6fgnrkoaDpekZdyPfhaxw7u0AiCCWGtO82EZLhY47JDkiK3zEEF93CRNY3D1Cz+rZTi6tY0M6ULzI2Of1syRgd1DRXEycu8pmTXlWpl1z5P6XzOnA3+88RnzvKFWOp0x4wtMH0KnZLyr6E0boxy6XpzNnFR25tiBT3ZLAmGOWvIcKkOISjDL7P3PnmDLiFL1zjfIi+eUQ/4j8jgRz3Z+LdqxBf7we5iYgzFuNAeLiMUFnn7FhJ5CdijfsWRr4Mgut/GVqhlTfyRBW5RjWqGy1cU9dzIM9MaWMrA6i1ANb97seg136Xo512nDfpAkA+eAh root@ubuntu-bionic
-----END SSH HOST KEY KEYS-----
[   22.995896] cloud-init[1605]: Cloud-init v. 22.4.2-0ubuntu0~18.04.1 running 'modules:final' at Wed, 15 Mar 2023 04:50:00 +0000. Up 22.80 seconds.
[   22.995979] cloud-init[1605]: Cloud-init v. 22.4.2-0ubuntu0~18.04.1 finished at Wed, 15 Mar 2023 04:50:00 +0000. Datasource DataSourceNoCloud [seed=/dev/sdb][dsmode=net].  Up 22.98 seconds

Ubuntu 18.04.6 LTS ubuntu-bionic ttyS0

ubuntu-bionic login:          Stopping User Manager for UID 1000...
         Stopping Session 6 of user vagrant.
[[0;32m  OK  [0m] Stopped target Timers.
[[0;32m  OK  [0m] Stopped Ubuntu Advantage Timer for running repeated jobs.
[[0;32m  OK  [0m] Stopped Clean PHP session files every 30 mins.
[[0;32m  OK  [0m] Stopped Daily apt upgrade and clean activities.
[[0;32m  OK  [0m] Stopped Discard unused blocks once a week.
         Stopping Authorization Manager...
[[0;32m  OK  [0m] Stopped target Graphical Interface.
         Stopping Accounts Service...
[[0;32m  OK  [0m] Stopped target Cloud-init target.
[[0;32m  OK  [0m] Stopped Execute cloud user/final scripts.
[[0;32m  OK  [0m] Stopped Daily Cleanup of Temporary Directories.
[[0;32m  OK  [0m] Stopped target Multi-User System.
         Stopping The Apache HTTP Server...
         Stopping D-Bus System Message Bus...
         Stopping System Logging Service...
         Stopping FUSE filesystem for LXC...
         Stopping irqbalance daemon...
         Stopping LSB: automatic crash report generation...
         Stopping Dispatcher daemon for systemd-networkd...
         Stopping Regular background program processing daemon...
         Stopping Virtualbox guest utils...
         Stopping Deferred execution scheduler...
         Stopping LSB: Record successful boot for GRUB...
         Stopping LXD - container startup/shutdown...
[[0;32m  OK  [0m] Stopped Daily apt download activities.
[[0;32m  OK  [0m] Closed Load/Save RF Kill Switch Status /dev/rfkill Watch.
         Stopping OpenBSD Secure Shell server...
[[0;32m  OK  [0m] Stopped target Login Prompts.
         Stopping Serial Getty on ttyS0...
         Stopping Getty on tty1...
         Stopping Availability of block devices...
         Stopping MySQL Community Server...
[[0;32m  OK  [0m] Stopped Apply the settings specified in cloud-config.
[[0;32m  OK  [0m] Stopped Wait until snapd is fully seeded.
[[0;32m  OK  [0m] Stopped target Cloud-config availability.
[[0;32m  OK  [0m] Stopped Message of the Day.
[[0;32m  OK  [0m] Stopped target System Time Synchronized.
[[0;32m  OK  [0m] Unmounted /var/lib/lxcfs.
[[0;32m  OK  [0m] Stopped Deferred execution scheduler.
[[0;32m  OK  [0m] Stopped Accounts Service.
[[0;32m  OK  [0m] Stopped Regular background program processing daemon.
[[0;32m  OK  [0m] Stopped Dispatcher daemon for systemd-networkd.
[[0;32m  OK  [0m] Stopped irqbalance daemon.
[[0;32m  OK  [0m] Stopped System Logging Service.
[[0;32m  OK  [0m] Stopped Serial Getty on ttyS0.
[[0;32m  OK  [0m] Stopped Getty on tty1.
[[0;32m  OK  [0m] Stopped Authorization Manager.
[[0;32m  OK  [0m] Stopped OpenBSD Secure Shell server.
[[0;32m  OK  [0m] Stopped User Manager for UID 1000.
[[0;32m  OK  [0m] Stopped D-Bus System Message Bus.
[[0;32m  OK  [0m] Stopped Availability of block devices.
[[0;32m  OK  [0m] Stopped FUSE filesystem for LXC.
[[0;32m  OK  [0m] Stopped Session 6 of user vagrant.
[[0;32m  OK  [0m] Removed slice User Slice of vagrant.
         Stopping Login Service...
[[0;32m  OK  [0m] Removed slice system-getty.slice.
[[0;32m  OK  [0m] Removed slice system-serial\x2dgetty.slice.
[[0;32m  OK  [0m] Stopped target Login Prompts (Pre).
         Stopping Permit User Sessions...
[[0;32m  OK  [0m] Stopped LXD - container startup/shutdown.
[[0;32m  OK  [0m] Stopped Permit User Sessions.
[[0;32m  OK  [0m] Stopped Login Service.
[[0;32m  OK  [0m] Stopped target User and Group Name Lookups.
[[0;32m  OK  [0m] Stopped The Apache HTTP Server.
[[0;32m  OK  [0m] Stopped target Host and Network Name Lookups.
[[0;32m  OK  [0m] Stopped LSB: Record successful boot for GRUB.
[[0;32m  OK  [0m] Stopped Virtualbox guest utils.
[[0;32m  OK  [0m] Stopped LSB: automatic crash report generation.
[[0;32m  OK  [0m] Stopped target Remote File Systems.
         Unmounting /vagrant...
[[0;32m  OK  [0m] Unmounted /vagrant.
[[0;32m  OK  [0m] Stopped target Remote File Systems (Pre).
[[0;32m  OK  [0m] Stopped target Network is Online.
[[0;32m  OK  [0m] Stopped MySQL Community Server.
[[0;32m  OK  [0m] Stopped target Network.
         Stopping Network Name Resolution...
[[0;32m  OK  [0m] Stopped target Basic System.
[[0;32m  OK  [0m] Stopped target Sockets.
[[0;32m  OK  [0m] Closed ACPID Listen Socket.
[[0;32m  OK  [0m] Closed cloud-init hotplug hook socket.
[[0;32m  OK  [0m] Closed D-Bus System Message Bus Socket.
[[0;32m  OK  [0m] Closed UUID daemon activation socket.
[[0;32m  OK  [0m] Closed LXD - unix socket.
[[0;32m  OK  [0m] Closed Open-iSCSI iscsid Socket.
[[0;32m  OK  [0m] Closed Syslog Socket.
[[0;32m  OK  [0m] Closed Socket activation for snappy daemon.
[[0;32m  OK  [0m] Stopped target Slices.
[[0;32m  OK  [0m] Removed slice User and Session Slice.
[[0;32m  OK  [0m] Stopped target Paths.
[[0;32m  OK  [0m] Stopped ACPI Events Check.
[[0;32m  OK  [0m] Stopped target System Initialization.
         Stopping Update UTMP about System Boot/Shutdown...
         Stopping Load/Save Random Seed...
[[0;32m  OK  [0m] Stopped Commit a transient machine-id on disk.
[[0;32m  OK  [0m] Stopped target Local Encrypted Volumes.
[[0;32m  OK  [0m] Stopped Dispatch Password Requests to Console Directory Watch.
[[0;32m  OK  [0m] Stopped Forward Password Requests to Wall Directory Watch.
[[0;32m  OK  [0m] Stopped Initial cloud-init job (metadata service crawler).
[[0;32m  OK  [0m] Stopped Network Name Resolution.
[[0;32m  OK  [0m] Stopped Load/Save Random Seed.
         Stopping Network Service...
[[0;32m  OK  [0m] Stopped Update UTMP about System Boot/Shutdown.
[[0;32m  OK  [0m] Stopped Create Volatile Files and Directories.
[[0;32m  OK  [0m] Stopped target Local File Systems.
[[0;32m  OK  [0m] Stopped target Mounted snaps.
[[0;32m  OK  [0m] Stopped target Mounting snaps.
         Unmounting /run/user/1000...
[[0;32m  OK  [0m] Unmounted /run/user/1000.
[[0;32m  OK  [0m] Reached target Unmount All Filesystems.
[[0;32m  OK  [0m] Stopped target Swap.
[[0;32m  OK  [0m] Stopped target Local File Systems (Pre).
[[0;32m  OK  [0m] Stopped Create Static Device Nodes in /dev.
         Stopping Monitoring of LVM2 mirrors…ng dmeventd or progress polling...
[[0;32m  OK  [0m] Stopped Monitoring of LVM2 mirrors,…sing dmeventd or progress polling.
         Stopping LVM2 metadata daemon...
[[0;32m  OK  [0m] Stopped LVM2 metadata daemon.
[[0;32m  OK  [0m] Stopped Network Service.
[[0;32m  OK  [0m] Stopped Apply Kernel Variables.
[[0;32m  OK  [0m] Stopped Load Kernel Modules.
[[0;32m  OK  [0m] Stopped target Network (Pre).
[[0;32m  OK  [0m] Stopped Initial cloud-init job (pre-networking).
[[0;32m  OK  [0m] Stopped Remount Root and Kernel File Systems.
[[0;32m  OK  [0m] Reached target Shutdown.
[[0;32m  OK  [0m] Reached target Final Step.
         Starting Power-Off...
[ 1699.988089] reboot: Power down
